#
# A fatal error has been detected by the Java Runtime Environment:
#
#  EXCEPTION_ACCESS_VIOLATION (0xc0000005) at pc=0x00007ffaaa59c6f9, pid=2724, tid=9316
#
# JRE version: OpenJDK Runtime Environment (11.0.11+9) (build 11.0.11+9-b60-7590822)
# Java VM: OpenJDK 64-Bit Server VM (11.0.11+9-b60-7590822, mixed mode, tiered, compressed oops, g1 gc, windows-amd64)
# Problematic frame:
# C  [native-platform-file-events.dll+0x1c6f9]
#
# No core dump will be written. Minidumps are not enabled by default on client versions of Windows
#
# If you would like to submit a bug report, please visit:
#   https://bugreport.java.com/bugreport/crash.jsp
# The crash happened outside the Java Virtual Machine in native code.
# See problematic frame for where to report the bug.
#

---------------  S U M M A R Y ------------

Command Line: --add-opens=java.base/java.util=ALL-UNNAMED --add-opens=java.base/java.lang=ALL-UNNAMED --add-opens=java.base/java.lang.invoke=ALL-UNNAMED --add-opens=java.base/java.util=ALL-UNNAMED --add-opens=java.prefs/java.util.prefs=ALL-UNNAMED --add-opens=java.prefs/java.util.prefs=ALL-UNNAMED --add-opens=java.base/java.nio.charset=ALL-UNNAMED --add-opens=java.base/java.net=ALL-UNNAMED --add-opens=java.base/java.util.concurrent.atomic=ALL-UNNAMED -Xmx2048m -Dfile.encoding=UTF-8 -Duser.country=RU -Duser.language=ru -Duser.variant org.gradle.launcher.daemon.bootstrap.GradleDaemon 7.0.2

Host: Intel(R) Core(TM) i3-9100 CPU @ 3.60GHz, 4 cores, 7G,  Windows 10 , 64 bit Build 19041 (10.0.19041.1503)
Time: Wed Mar  2 09:08:20 2022 RTZ 2 (鉅) elapsed time: 600.394552 seconds (0d 0h 10m 0s)

---------------  T H R E A D  ---------------

Current thread (0x000002c56d520000):  JavaThread "File watcher server" daemon [_thread_in_native, id=9316, stack(0x000000f914500000,0x000000f914600000)]

Stack: [0x000000f914500000,0x000000f914600000],  sp=0x000000f9145fea10,  free space=1018k
Native frames: (J=compiled Java code, j=interpreted, Vv=VM code, C=native code)
C  [native-platform-file-events.dll+0x1c6f9]

Java frames: (J=compiled Java code, j=interpreted, Vv=VM code)
j  net.rubygrapefruit.platform.internal.jni.AbstractFileEventFunctions$NativeFileWatcher.executeRunLoop0(Ljava/lang/Object;)V+0
j  net.rubygrapefruit.platform.internal.jni.AbstractFileEventFunctions$NativeFileWatcher.access$100(Lnet/rubygrapefruit/platform/internal/jni/AbstractFileEventFunctions$NativeFileWatcher;Ljava/lang/Object;)V+2
j  net.rubygrapefruit.platform.internal.jni.AbstractFileEventFunctions$NativeFileWatcher$1.run()V+26
v  ~StubRoutines::call_stub

siginfo: EXCEPTION_ACCESS_VIOLATION (0xc0000005), reading address 0xffffffffffffffff


Register to memory mapping:

RIP=0x00007ffaaa59c6f9 native-platform-file-events.dll
RAX=0x0021f81000000002 is an unknown value
RBX=0x0000000000000001 is an unknown value
RCX=0x0021f81000000002 is an unknown value
RDX=0x0 is NULL
RSP=0x000000f9145fea10 is pointing into the stack for thread: 0x000002c56d520000
RBP=0x000000f9145ff318 is pointing into the stack for thread: 0x000002c56d520000
RSI=0x0 is NULL
RDI=
[error occurred during error reporting (printing register info), id 0xc0000005, EXCEPTION_ACCESS_VIOLATION (0xc0000005) at pc=0x00007ffa79f4abc7]

Registers:
RAX=0x0021f81000000002, RBX=0x0000000000000001, RCX=0x0021f81000000002, RDX=0x0000000000000000
RSP=0x000000f9145fea10, RBP=0x000000f9145ff318, RSI=0x0000000000000000, RDI=0x00000000ffffffff
R8 =0x0000000000000032, R9 =0x000000f9145feb30, R10=0x0000000000000000, R11=0x0000000000000246
R12=0x0000000000000000, R13=0x000002c570372ce8, R14=0x000000f9145ff340, R15=0x000002c56d520000
RIP=0x00007ffaaa59c6f9, EFLAGS=0x0000000000010297

Top of Stack: (sp=0x000000f9145fea10)
0x000000f9145fea10:   000000f9145fea50 000000f9146fe620
0x000000f9145fea20:   00007ffa00000000 000002c574f71790
0x000000f9145fea30:   00007ffa00000001 0000000000000000
0x000000f9145fea40:   0000000000000000 000002c55486f887
0x000000f9145fea50:   000000f900000000 000000f9145fea01
0x000000f9145fea60:   0000000000000170 00007ffaaa59daad
0x000000f9145fea70:   00003d08941c7d74 000000000000028a
0x000000f9145fea80:   000002c56d520000 000000f9145ff340
0x000000f9145fea90:   000002c570372ce8 0000000000000000
0x000000f9145feaa0:   000000f9145ff318 00007ffacdb6f18b
0x000000f9145feab0:   000000f9146fe5e0 0000000000000000
0x000000f9145feac0:   00007ffaaa59da90 000000f9146fe5e0
0x000000f9145fead0:   0000000000000048 0000dd049cc93136
0x000000f9145feae0:   0000000000000000 00007ffaaa59c882
0x000000f9145feaf0:   0021f81000000002 ffffffff00000000
0x000000f9145feb00:   00007ffa00000032 000002c574f71770 

Instructions: (pc=0x00007ffaaa59c6f9)
0x00007ffaaa59c5f9:   48 89 4c 24 08 48 81 ec d8 00 00 00 48 8b 05 3c
0x00007ffaaa59c609:   7c 10 00 48 33 c4 48 89 84 24 c8 00 00 00 c7 44
0x00007ffaaa59c619:   24 40 00 00 00 00 81 bc 24 e8 00 00 00 e3 03 00
0x00007ffaaa59c629:   00 0f 85 c1 00 00 00 ba 03 00 00 00 48 8b 0d d4
0x00007ffaaa59c639:   ae 10 00 e8 01 a3 fe ff 0f b6 c0 85 c0 74 7a 48
0x00007ffaaa59c649:   8b 84 24 e0 00 00 00 8b 40 68 89 44 24 44 48 8b
0x00007ffaaa59c659:   84 24 e0 00 00 00 48 83 c0 08 48 8b d0 48 8d 8c
0x00007ffaaa59c669:   24 88 00 00 00 e8 c3 4f fe ff 48 89 44 24 50 48
0x00007ffaaa59c679:   8b 44 24 50 48 89 44 24 58 8b 44 24 40 83 c8 01
0x00007ffaaa59c689:   89 44 24 40 48 8b 4c 24 58 e8 93 51 fe ff 48 89
0x00007ffaaa59c699:   44 24 60 8b 44 24 44 89 44 24 20 4c 8b 4c 24 60
0x00007ffaaa59c6a9:   4c 8d 05 a0 ae 0d 00 ba 03 00 00 00 48 8b 0d 54
0x00007ffaaa59c6b9:   ae 10 00 e8 d1 70 fe ff 90 8b 44 24 40 83 e0 01
0x00007ffaaa59c6c9:   85 c0 74 12 83 64 24 40 fe 48 8d 8c 24 88 00 00
0x00007ffaaa59c6d9:   00 e8 c0 59 fe ff 48 8b 8c 24 e0 00 00 00 e8 3a
0x00007ffaaa59c6e9:   9b fe ff e9 36 01 00 00 48 8b 84 24 e0 00 00 00
0x00007ffaaa59c6f9:   83 78 68 01 0f 84 cb 00 00 00 ba 03 00 00 00 48
0x00007ffaaa59c709:   8b 0d 01 ae 10 00 e8 2e a2 fe ff 0f b6 c0 85 c0
0x00007ffaaa59c719:   0f 84 90 00 00 00 48 8b 84 24 e0 00 00 00 8b 40
0x00007ffaaa59c729:   68 89 44 24 48 48 8b 84 24 e0 00 00 00 48 83 c0
0x00007ffaaa59c739:   08 48 8b d0 48 8d 8c 24 a8 00 00 00 e8 ec 4e fe
0x00007ffaaa59c749:   ff 48 89 44 24 68 48 8b 44 24 68 48 89 44 24 70
0x00007ffaaa59c759:   8b 44 24 40 83 c8 02 89 44 24 40 48 8b 4c 24 70
0x00007ffaaa59c769:   e8 bc 50 fe ff 48 89 44 24 78 8b 44 24 48 89 44
0x00007ffaaa59c779:   24 30 8b 84 24 e8 00 00 00 89 44 24 28 8b 84 24
0x00007ffaaa59c789:   f0 00 00 00 89 44 24 20 4c 8b 4c 24 78 4c 8d 05
0x00007ffaaa59c799:   e3 ad 0d 00 ba 03 00 00 00 48 8b 0d 67 ad 10 00
0x00007ffaaa59c7a9:   e8 e4 6f fe ff 90 8b 44 24 40 83 e0 02 85 c0 74
0x00007ffaaa59c7b9:   12 83 64 24 40 fd 48 8d 8c 24 a8 00 00 00 e8 d3
0x00007ffaaa59c7c9:   58 fe ff eb 59 48 8b 84 24 e0 00 00 00 c7 40 68
0x00007ffaaa59c7d9:   00 00 00 00 48 8b 84 24 e0 00 00 00 48 8b 00 48
0x00007ffaaa59c7e9:   89 84 24 80 00 00 00 48 8b 84 24 e0 00 00 00 48 


Stack slot to memory mapping:
stack at sp + 0 slots: 0x000000f9145fea50 is pointing into the stack for thread: 0x000002c56d520000
stack at sp + 1 slots: 0x000000f9146fe620 is pointing into the stack for thread: 0x000002c56d51e000
stack at sp + 2 slots: 0x00007ffa00000000 is an unknown value
stack at sp + 3 slots: 0x000002c574f71790 points into unknown readable memory: 0x000021f800000002 | 02 00 00 00 f8 21 00 00
stack at sp + 4 slots: 0x00007ffa00000001 is an unknown value
stack at sp + 5 slots: 0x0 is NULL
stack at sp + 6 slots: 0x0 is NULL
stack at sp + 7 slots: 0x000002c55486f887 is at code_begin+2503 in an Interpreter codelet
method entry point (kind = native)  [0x000002c55486eec0, 0x000002c55486f960]  2720 bytes


---------------  P R O C E S S  ---------------

Threads class SMR info:
_java_thread_list=0x000002c570e94eb0, length=50, elements={
0x000002c550d5a000, 0x000002c56a94f000, 0x000002c56a952800, 0x000002c56a972800,
0x000002c56a976800, 0x000002c56a978000, 0x000002c56a979800, 0x000002c56a97e800,
0x000002c56a982000, 0x000002c56b439800, 0x000002c56c9e7000, 0x000002c56d999800,
0x000002c56da1e000, 0x000002c56d51c000, 0x000002c56d51f000, 0x000002c56d51d800,
0x000002c56d520000, 0x000002c56d51e000, 0x000002c56d520800, 0x000002c56d51b000,
0x000002c56eec7000, 0x000002c56eecc000, 0x000002c56eec8000, 0x000002c56eec8800,
0x000002c56eed2800, 0x000002c56e004000, 0x000002c56e006800, 0x000002c56e006000,
0x000002c56e003800, 0x000002c56e005000, 0x000002c56e00d000, 0x000002c56e007800,
0x000002c56e00a800, 0x000002c56e00b800, 0x000002c56d336000, 0x000002c56e009000,
0x000002c56e00c800, 0x000002c56e00f800, 0x000002c56e00e000, 0x000002c56e00f000,
0x000002c56e00a000, 0x000002c56e010800, 0x000002c56e011000, 0x000002c56eec6800,
0x000002c56eecf800, 0x000002c56eec9800, 0x000002c56eed0000, 0x000002c56eecd000,
0x000002c56eeca800, 0x000002c56eed1000
}

Java Threads: ( => current thread )
  0x000002c550d5a000 JavaThread "main" [_thread_blocked, id=3016, stack(0x000000f912200000,0x000000f912300000)]
  0x000002c56a94f000 JavaThread "Reference Handler" daemon [_thread_blocked, id=9060, stack(0x000000f912900000,0x000000f912a00000)]
  0x000002c56a952800 JavaThread "Finalizer" daemon [_thread_blocked, id=10384, stack(0x000000f912a00000,0x000000f912b00000)]
  0x000002c56a972800 JavaThread "Signal Dispatcher" daemon [_thread_blocked, id=9036, stack(0x000000f912b00000,0x000000f912c00000)]
  0x000002c56a976800 JavaThread "Attach Listener" daemon [_thread_blocked, id=1700, stack(0x000000f912c00000,0x000000f912d00000)]
  0x000002c56a978000 JavaThread "Service Thread" daemon [_thread_blocked, id=2268, stack(0x000000f912d00000,0x000000f912e00000)]
  0x000002c56a979800 JavaThread "C2 CompilerThread0" daemon [_thread_in_native, id=8888, stack(0x000000f912e00000,0x000000f912f00000)]
  0x000002c56a97e800 JavaThread "C1 CompilerThread0" daemon [_thread_blocked, id=10640, stack(0x000000f912f00000,0x000000f913000000)]
  0x000002c56a982000 JavaThread "Sweeper thread" daemon [_thread_blocked, id=9672, stack(0x000000f913000000,0x000000f913100000)]
  0x000002c56b439800 JavaThread "Common-Cleaner" daemon [_thread_blocked, id=7784, stack(0x000000f913100000,0x000000f913200000)]
  0x000002c56c9e7000 JavaThread "Daemon health stats" [_thread_blocked, id=7596, stack(0x000000f913600000,0x000000f913700000)]
  0x000002c56d999800 JavaThread "Incoming local TCP Connector on port 64093" [_thread_in_native, id=10308, stack(0x000000f913700000,0x000000f913800000)]
  0x000002c56da1e000 JavaThread "Daemon periodic checks" [_thread_blocked, id=6680, stack(0x000000f913800000,0x000000f913900000)]
  0x000002c56d51c000 JavaThread "Cache worker for file hash cache (C:\Users\ﾑひｰﾑﾐｰﾑﾐｾﾐｲﾐｰﾑﾑ―.gradle\caches\7.0.2\fileHashes)" [_thread_in_native, id=8244, stack(0x000000f914100000,0x000000f914200000)]
  0x000002c56d51f000 JavaThread "File lock request listener" [_thread_in_native, id=8056, stack(0x000000f914200000,0x000000f914300000)]
  0x000002c56d51d800 JavaThread "Cache worker for journal cache (C:\Users\ﾑひｰﾑﾐｰﾑﾐｾﾐｲﾐｰﾑﾑ―.gradle\caches\journal-1)" [_thread_blocked, id=10428, stack(0x000000f914300000,0x000000f914400000)]
=>0x000002c56d520000 JavaThread "File watcher server" daemon [_thread_in_native, id=9316, stack(0x000000f914500000,0x000000f914600000)]
  0x000002c56d51e000 JavaThread "File watcher consumer" daemon [_thread_blocked, id=9140, stack(0x000000f914600000,0x000000f914700000)]
  0x000002c56d520800 JavaThread "jar transforms" [_thread_blocked, id=8052, stack(0x000000f914700000,0x000000f914800000)]
  0x000002c56d51b000 JavaThread "jar transforms Thread 2" [_thread_blocked, id=4324, stack(0x000000f914800000,0x000000f914900000)]
  0x000002c56eec7000 JavaThread "jar transforms Thread 3" [_thread_blocked, id=2260, stack(0x000000f914900000,0x000000f914a00000)]
  0x000002c56eecc000 JavaThread "jar transforms Thread 4" [_thread_blocked, id=9284, stack(0x000000f914a00000,0x000000f914b00000)]
  0x000002c56eec8000 JavaThread "Cache worker for execution history cache (C:\Users\ﾑひｰﾑﾐｰﾑﾐｾﾐｲﾐｰﾑﾑ―.gradle\caches\7.0.2\executionHistory)" [_thread_in_native, id=8264, stack(0x000000f914e00000,0x000000f914f00000)]
  0x000002c56eec8800 JavaThread "Cache worker for file content cache (C:\Users\ﾑひｰﾑﾐｰﾑﾐｾﾐｲﾐｰﾑﾑ―.gradle\caches\7.0.2\fileContent)" [_thread_blocked, id=4752, stack(0x000000f914f00000,0x000000f915000000)]
  0x000002c56eed2800 JavaThread "Memory manager" [_thread_blocked, id=7772, stack(0x000000f915600000,0x000000f915700000)]
  0x000002c56e004000 JavaThread "Daemon Thread 2" [_thread_blocked, id=2608, stack(0x000000f911f00000,0x000000f912000000)]
  0x000002c56e006800 JavaThread "Handler for socket connection from /127.0.0.1:64093 to /127.0.0.1:64314" [_thread_in_native, id=9528, stack(0x000000f912000000,0x000000f912100000)]
  0x000002c56e006000 JavaThread "Cancel handler" [_thread_blocked, id=8948, stack(0x000000f912100000,0x000000f912200000)]
  0x000002c56e003800 JavaThread "Daemon worker Thread 2" [_thread_blocked, id=7316, stack(0x000000f913300000,0x000000f913400000)]
  0x000002c56e005000 JavaThread "Asynchronous log dispatcher for DefaultDaemonConnection: socket connection from /127.0.0.1:64093 to /127.0.0.1:64314" [_thread_blocked, id=8532, stack(0x000000f913900000,0x000000f913a00000)]
  0x000002c56e00d000 JavaThread "Stdin handler" [_thread_blocked, id=7864, stack(0x000000f913a00000,0x000000f913b00000)]
  0x000002c56e007800 JavaThread "Daemon client event forwarder" [_thread_blocked, id=7576, stack(0x000000f913b00000,0x000000f913c00000)]
  0x000002c56e00a800 JavaThread "Cache worker for file hash cache (X:\pr\PractTarasova41P-master (1)\PractTarasova41P-master\.gradle\7.0.2\fileHashes)" [_thread_blocked, id=9828, stack(0x000000f913c00000,0x000000f913d00000)]
  0x000002c56e00b800 JavaThread "Cache worker for checksums cache (X:\pr\PractTarasova41P-master (1)\PractTarasova41P-master\.gradle\checksums)" [_thread_blocked, id=9872, stack(0x000000f913d00000,0x000000f913e00000)]
  0x000002c56d336000 JavaThread "C2 CompilerThread1" daemon [_thread_in_native, id=8580, stack(0x000000f913e00000,0x000000f913f00000)]
  0x000002c56e009000 JavaThread "Cache worker for cache directory md-supplier (C:\Users\ﾑひｰﾑﾐｰﾑﾐｾﾐｲﾐｰﾑﾑ―.gradle\caches\7.0.2\md-supplier)" [_thread_blocked, id=1664, stack(0x000000f913f00000,0x000000f914000000)]
  0x000002c56e00c800 JavaThread "Cache worker for cache directory md-rule (C:\Users\ﾑひｰﾑﾐｰﾑﾐｾﾐｲﾐｰﾑﾑ―.gradle\caches\7.0.2\md-rule)" [_thread_blocked, id=9832, stack(0x000000f914400000,0x000000f914500000)]
  0x000002c56e00f800 JavaThread "Cache worker for dependencies-accessors (X:\pr\PractTarasova41P-master (1)\PractTarasova41P-master\.gradle\7.0.2\dependencies-accessors)" [_thread_blocked, id=9160, stack(0x000000f914b00000,0x000000f914c00000)]
  0x000002c56e00e000 JavaThread "Cache worker for Build Output Cleanup Cache (X:\pr\PractTarasova41P-master (1)\PractTarasova41P-master\.gradle\buildOutputCleanup)" [_thread_blocked, id=6784, stack(0x000000f914c00000,0x000000f914d00000)]
  0x000002c56e00f000 JavaThread "Build operations" [_thread_in_native, id=5796, stack(0x000000f914d00000,0x000000f914e00000)]
  0x000002c56e00a000 JavaThread "Build operations Thread 2" [_thread_in_native, id=9956, stack(0x000000f915000000,0x000000f915100000)]
  0x000002c56e010800 JavaThread "Build operations Thread 3" [_thread_blocked, id=9276, stack(0x000000f915100000,0x000000f915200000)]
  0x000002c56e011000 JavaThread "Build operations Thread 4" [_thread_in_native, id=10796, stack(0x000000f915200000,0x000000f915300000)]
  0x000002c56eec6800 JavaThread "build event listener" [_thread_blocked, id=9196, stack(0x000000f915300000,0x000000f915400000)]
  0x000002c56eecf800 JavaThread "Execution worker for ':'" [_thread_blocked, id=4852, stack(0x000000f915400000,0x000000f915500000)]
  0x000002c56eec9800 JavaThread "Execution worker for ':' Thread 2" [_thread_blocked, id=9108, stack(0x000000f915500000,0x000000f915600000)]
  0x000002c56eed0000 JavaThread "Execution worker for ':' Thread 3" [_thread_blocked, id=8924, stack(0x000000f915800000,0x000000f915900000)]
  0x000002c56eecd000 JavaThread "Cache worker for execution history cache (X:\pr\PractTarasova41P-master (1)\PractTarasova41P-master\.gradle\7.0.2\executionHistory)" [_thread_blocked, id=8936, stack(0x000000f915900000,0x000000f915a00000)]
  0x000002c56eeca800 JavaThread "WorkerExecutor Queue" [_thread_blocked, id=9784, stack(0x000000f915a00000,0x000000f915b00000)]
  0x000002c56eed1000 JavaThread "WorkerExecutor Queue Thread 2" [_thread_blocked, id=8892, stack(0x000000f915d00000,0x000000f915e00000)]

Other Threads:
  0x000002c56a949800 VMThread "VM Thread" [stack: 0x000000f912800000,0x000000f912900000] [id=8876]
  0x000002c56b458800 WatcherThread [stack: 0x000000f913200000,0x000000f913300000] [id=3560]
  0x000002c550d73000 GCTaskThread "GC Thread#0" [stack: 0x000000f912300000,0x000000f912400000] [id=10252]
  0x000002c56ba63800 GCTaskThread "GC Thread#1" [stack: 0x000000f913400000,0x000000f913500000] [id=5720]
  0x000002c56ba64000 GCTaskThread "GC Thread#2" [stack: 0x000000f913500000,0x000000f913600000] [id=1876]
  0x000002c56cd48000 GCTaskThread "GC Thread#3" [stack: 0x000000f914000000,0x000000f914100000] [id=7848]
  0x000002c550da5800 ConcurrentGCThread "G1 Main Marker" [stack: 0x000000f912400000,0x000000f912500000] [id=9980]
  0x000002c550da7800 ConcurrentGCThread "G1 Conc#0" [stack: 0x000000f912500000,0x000000f912600000] [id=8380]
  0x000002c550e38000 ConcurrentGCThread "G1 Refine#0" [stack: 0x000000f912600000,0x000000f912700000] [id=6560]
  0x000002c550e39000 ConcurrentGCThread "G1 Young RemSet Sampling" [stack: 0x000000f912700000,0x000000f912800000] [id=7908]

Threads with active compile tasks:
C2 CompilerThread0 600433 15917       4       org.gradle.internal.snapshot.DirectorySnapshot$$Lambda$979/0x0000000100d2c840::accept (20 bytes)
C2 CompilerThread1 600433 16126       4       org.gradle.internal.fingerprint.classpath.impl.ClasspathFingerprintingStrategy$ClasspathFingerprintingVisitor::visitEntry (20 bytes)

VM state:not at safepoint (normal execution)

VM Mutex/Monitor currently owned by a thread: None

Heap address: 0x0000000080000000, size: 2048 MB, Compressed Oops mode: 32-bit
Narrow klass base: 0x0000000000000000, Narrow klass shift: 3
Compressed class space size: 1073741824 Address: 0x0000000100000000

Heap:
 garbage-first heap   total 227328K, used 163115K [0x0000000080000000, 0x0000000100000000)
  region size 1024K, 57 young (58368K), 11 survivors (11264K)
 Metaspace       used 112046K, capacity 115126K, committed 115456K, reserved 1148928K
  class space    used 14108K, capacity 15255K, committed 15360K, reserved 1048576K
Heap Regions: E=young(eden), S=young(survivor), O=old, HS=humongous(starts), HC=humongous(continues), CS=collection set, F=free, A=archive, TAMS=top-at-mark-start (previous, next)
|   0|0x0000000080000000, 0x0000000080100000, 0x0000000080100000|100%|HS|  |TAMS 0x0000000080100000, 0x0000000080000000| Complete 
|   1|0x0000000080100000, 0x0000000080200000, 0x0000000080200000|100%|HC|  |TAMS 0x0000000080200000, 0x0000000080100000| Complete 
|   2|0x0000000080200000, 0x0000000080300000, 0x0000000080300000|100%|HC|  |TAMS 0x0000000080300000, 0x0000000080200000| Complete 
|   3|0x0000000080300000, 0x0000000080400000, 0x0000000080400000|100%| O|  |TAMS 0x0000000080400000, 0x0000000080300000| Untracked 
|   4|0x0000000080400000, 0x0000000080500000, 0x0000000080500000|100%| O|  |TAMS 0x0000000080500000, 0x0000000080400000| Untracked 
|   5|0x0000000080500000, 0x0000000080600000, 0x0000000080600000|100%| O|  |TAMS 0x0000000080600000, 0x0000000080500000| Untracked 
|   6|0x0000000080600000, 0x0000000080700000, 0x0000000080700000|100%| O|  |TAMS 0x0000000080700000, 0x0000000080600000| Untracked 
|   7|0x0000000080700000, 0x0000000080800000, 0x0000000080800000|100%| O|  |TAMS 0x0000000080800000, 0x0000000080700000| Untracked 
|   8|0x0000000080800000, 0x0000000080900000, 0x0000000080900000|100%| O|  |TAMS 0x0000000080900000, 0x0000000080800000| Untracked 
|   9|0x0000000080900000, 0x0000000080a00000, 0x0000000080a00000|100%| O|  |TAMS 0x0000000080a00000, 0x0000000080900000| Untracked 
|  10|0x0000000080a00000, 0x0000000080b00000, 0x0000000080b00000|100%| O|  |TAMS 0x0000000080b00000, 0x0000000080a00000| Untracked 
|  11|0x0000000080b00000, 0x0000000080c00000, 0x0000000080c00000|100%| O|  |TAMS 0x0000000080c00000, 0x0000000080b00000| Untracked 
|  12|0x0000000080c00000, 0x0000000080d00000, 0x0000000080d00000|100%|HS|  |TAMS 0x0000000080d00000, 0x0000000080c00000| Complete 
|  13|0x0000000080d00000, 0x0000000080e00000, 0x0000000080e00000|100%|HC|  |TAMS 0x0000000080e00000, 0x0000000080d00000| Complete 
|  14|0x0000000080e00000, 0x0000000080f00000, 0x0000000080f00000|100%|HS|  |TAMS 0x0000000080f00000, 0x0000000080e00000| Complete 
|  15|0x0000000080f00000, 0x0000000081000000, 0x0000000081000000|100%|HC|  |TAMS 0x0000000081000000, 0x0000000080f00000| Complete 
|  16|0x0000000081000000, 0x0000000081100000, 0x0000000081100000|100%|HC|  |TAMS 0x0000000081100000, 0x0000000081000000| Complete 
|  17|0x0000000081100000, 0x0000000081200000, 0x0000000081200000|100%|HS|  |TAMS 0x0000000081200000, 0x0000000081100000| Complete 
|  18|0x0000000081200000, 0x0000000081300000, 0x0000000081300000|100%|HC|  |TAMS 0x0000000081300000, 0x0000000081200000| Complete 
|  19|0x0000000081300000, 0x0000000081400000, 0x0000000081400000|100%|HC|  |TAMS 0x0000000081400000, 0x0000000081300000| Complete 
|  20|0x0000000081400000, 0x0000000081500000, 0x0000000081500000|100%|HC|  |TAMS 0x0000000081500000, 0x0000000081400000| Complete 
|  21|0x0000000081500000, 0x0000000081600000, 0x0000000081600000|100%| O|  |TAMS 0x0000000081600000, 0x0000000081500000| Untracked 
|  22|0x0000000081600000, 0x0000000081700000, 0x0000000081700000|100%| O|  |TAMS 0x0000000081700000, 0x0000000081600000| Untracked 
|  23|0x0000000081700000, 0x0000000081800000, 0x0000000081800000|100%| O|  |TAMS 0x0000000081800000, 0x0000000081700000| Untracked 
|  24|0x0000000081800000, 0x0000000081900000, 0x0000000081900000|100%| O|  |TAMS 0x0000000081900000, 0x0000000081800000| Untracked 
|  25|0x0000000081900000, 0x0000000081a00000, 0x0000000081a00000|100%| O|  |TAMS 0x0000000081a00000, 0x0000000081900000| Untracked 
|  26|0x0000000081a00000, 0x0000000081b00000, 0x0000000081b00000|100%|HS|  |TAMS 0x0000000081b00000, 0x0000000081a00000| Complete 
|  27|0x0000000081b00000, 0x0000000081c00000, 0x0000000081c00000|100%|HC|  |TAMS 0x0000000081c00000, 0x0000000081b00000| Complete 
|  28|0x0000000081c00000, 0x0000000081d00000, 0x0000000081d00000|100%|HC|  |TAMS 0x0000000081d00000, 0x0000000081c00000| Complete 
|  29|0x0000000081d00000, 0x0000000081e00000, 0x0000000081e00000|100%| O|  |TAMS 0x0000000081e00000, 0x0000000081d00000| Untracked 
|  30|0x0000000081e00000, 0x0000000081f00000, 0x0000000081f00000|100%| O|  |TAMS 0x0000000081f00000, 0x0000000081e00000| Untracked 
|  31|0x0000000081f00000, 0x0000000082000000, 0x0000000082000000|100%| O|  |TAMS 0x0000000082000000, 0x0000000081f00000| Untracked 
|  32|0x0000000082000000, 0x0000000082100000, 0x0000000082100000|100%| O|  |TAMS 0x0000000082100000, 0x0000000082000000| Untracked 
|  33|0x0000000082100000, 0x0000000082200000, 0x0000000082200000|100%| O|  |TAMS 0x0000000082200000, 0x0000000082100000| Untracked 
|  34|0x0000000082200000, 0x0000000082300000, 0x0000000082300000|100%|HS|  |TAMS 0x0000000082300000, 0x0000000082200000| Complete 
|  35|0x0000000082300000, 0x0000000082400000, 0x0000000082400000|100%|HS|  |TAMS 0x0000000082400000, 0x0000000082300000| Complete 
|  36|0x0000000082400000, 0x0000000082500000, 0x0000000082500000|100%|HC|  |TAMS 0x0000000082500000, 0x0000000082400000| Complete 
|  37|0x0000000082500000, 0x0000000082600000, 0x0000000082600000|100%|HC|  |TAMS 0x0000000082600000, 0x0000000082500000| Complete 
|  38|0x0000000082600000, 0x0000000082700000, 0x0000000082700000|100%|HC|  |TAMS 0x0000000082700000, 0x0000000082600000| Complete 
|  39|0x0000000082700000, 0x0000000082800000, 0x0000000082800000|100%| O|  |TAMS 0x0000000082800000, 0x0000000082700000| Untracked 
|  40|0x0000000082800000, 0x0000000082900000, 0x0000000082900000|100%| O|  |TAMS 0x0000000082900000, 0x0000000082800000| Untracked 
|  41|0x0000000082900000, 0x0000000082a00000, 0x0000000082a00000|100%| O|  |TAMS 0x0000000082a00000, 0x0000000082900000| Untracked 
|  42|0x0000000082a00000, 0x0000000082b00000, 0x0000000082b00000|100%| O|  |TAMS 0x0000000082b00000, 0x0000000082a00000| Untracked 
|  43|0x0000000082b00000, 0x0000000082c00000, 0x0000000082c00000|100%|HS|  |TAMS 0x0000000082c00000, 0x0000000082b00000| Complete 
|  44|0x0000000082c00000, 0x0000000082d00000, 0x0000000082d00000|100%|HS|  |TAMS 0x0000000082d00000, 0x0000000082c00000| Complete 
|  45|0x0000000082d00000, 0x0000000082e00000, 0x0000000082e00000|100%|HC|  |TAMS 0x0000000082e00000, 0x0000000082d00000| Complete 
|  46|0x0000000082e00000, 0x0000000082f00000, 0x0000000082f00000|100%| O|  |TAMS 0x0000000082f00000, 0x0000000082e00000| Untracked 
|  47|0x0000000082f00000, 0x0000000083000000, 0x0000000083000000|100%| O|  |TAMS 0x0000000083000000, 0x0000000082f00000| Untracked 
|  48|0x0000000083000000, 0x0000000083100000, 0x0000000083100000|100%| O|  |TAMS 0x0000000083100000, 0x0000000083000000| Untracked 
|  49|0x0000000083100000, 0x0000000083200000, 0x0000000083200000|100%| O|  |TAMS 0x0000000083200000, 0x0000000083100000| Untracked 
|  50|0x0000000083200000, 0x0000000083300000, 0x0000000083300000|100%| O|  |TAMS 0x0000000083300000, 0x0000000083200000| Untracked 
|  51|0x0000000083300000, 0x0000000083400000, 0x0000000083400000|100%| O|  |TAMS 0x0000000083400000, 0x0000000083300000| Untracked 
|  52|0x0000000083400000, 0x0000000083500000, 0x0000000083500000|100%| O|  |TAMS 0x0000000083500000, 0x0000000083400000| Untracked 
|  53|0x0000000083500000, 0x0000000083600000, 0x0000000083600000|100%| O|  |TAMS 0x0000000083600000, 0x0000000083500000| Untracked 
|  54|0x0000000083600000, 0x0000000083700000, 0x0000000083700000|100%| O|  |TAMS 0x0000000083700000, 0x0000000083600000| Untracked 
|  55|0x0000000083700000, 0x0000000083800000, 0x0000000083800000|100%| O|  |TAMS 0x0000000083800000, 0x0000000083700000| Untracked 
|  56|0x0000000083800000, 0x0000000083900000, 0x0000000083900000|100%| O|  |TAMS 0x0000000083900000, 0x0000000083800000| Untracked 
|  57|0x0000000083900000, 0x0000000083a00000, 0x0000000083a00000|100%| O|  |TAMS 0x0000000083a00000, 0x0000000083900000| Untracked 
|  58|0x0000000083a00000, 0x0000000083b00000, 0x0000000083b00000|100%| O|  |TAMS 0x0000000083b00000, 0x0000000083a00000| Untracked 
|  59|0x0000000083b00000, 0x0000000083c00000, 0x0000000083c00000|100%| O|  |TAMS 0x0000000083c00000, 0x0000000083b00000| Untracked 
|  60|0x0000000083c00000, 0x0000000083d00000, 0x0000000083d00000|100%| O|  |TAMS 0x0000000083d00000, 0x0000000083c00000| Untracked 
|  61|0x0000000083d00000, 0x0000000083e00000, 0x0000000083e00000|100%| O|  |TAMS 0x0000000083e00000, 0x0000000083d00000| Untracked 
|  62|0x0000000083e00000, 0x0000000083f00000, 0x0000000083f00000|100%| O|  |TAMS 0x0000000083f00000, 0x0000000083e00000| Untracked 
|  63|0x0000000083f00000, 0x0000000084000000, 0x0000000084000000|100%| O|  |TAMS 0x0000000084000000, 0x0000000083f00000| Untracked 
|  64|0x0000000084000000, 0x0000000084100000, 0x0000000084100000|100%| O|  |TAMS 0x0000000084100000, 0x0000000084000000| Untracked 
|  65|0x0000000084100000, 0x0000000084200000, 0x0000000084200000|100%| O|  |TAMS 0x0000000084200000, 0x0000000084100000| Untracked 
|  66|0x0000000084200000, 0x0000000084300000, 0x0000000084300000|100%| O|  |TAMS 0x0000000084300000, 0x0000000084200000| Untracked 
|  67|0x0000000084300000, 0x0000000084400000, 0x0000000084400000|100%| O|  |TAMS 0x0000000084400000, 0x0000000084300000| Untracked 
|  68|0x0000000084400000, 0x0000000084500000, 0x0000000084500000|100%| O|  |TAMS 0x0000000084500000, 0x0000000084400000| Untracked 
|  69|0x0000000084500000, 0x0000000084600000, 0x0000000084600000|100%|HS|  |TAMS 0x0000000084600000, 0x0000000084500000| Complete 
|  70|0x0000000084600000, 0x0000000084700000, 0x0000000084700000|100%|HC|  |TAMS 0x0000000084700000, 0x0000000084600000| Complete 
|  71|0x0000000084700000, 0x0000000084800000, 0x0000000084800000|100%|HS|  |TAMS 0x0000000084800000, 0x0000000084700000| Complete 
|  72|0x0000000084800000, 0x0000000084900000, 0x0000000084900000|100%|HC|  |TAMS 0x0000000084900000, 0x0000000084800000| Complete 
|  73|0x0000000084900000, 0x0000000084a00000, 0x0000000084a00000|100%|HC|  |TAMS 0x0000000084a00000, 0x0000000084900000| Complete 
|  74|0x0000000084a00000, 0x0000000084b00000, 0x0000000084b00000|100%|HS|  |TAMS 0x0000000084b00000, 0x0000000084a00000| Complete 
|  75|0x0000000084b00000, 0x0000000084c00000, 0x0000000084c00000|100%|HC|  |TAMS 0x0000000084c00000, 0x0000000084b00000| Complete 
|  76|0x0000000084c00000, 0x0000000084d00000, 0x0000000084d00000|100%|HC|  |TAMS 0x0000000084d00000, 0x0000000084c00000| Complete 
|  77|0x0000000084d00000, 0x0000000084e00000, 0x0000000084e00000|100%|HC|  |TAMS 0x0000000084e00000, 0x0000000084d00000| Complete 
|  78|0x0000000084e00000, 0x0000000084f00000, 0x0000000084f00000|100%| O|  |TAMS 0x0000000084f00000, 0x0000000084e00000| Untracked 
|  79|0x0000000084f00000, 0x0000000085000000, 0x0000000085000000|100%| O|  |TAMS 0x0000000085000000, 0x0000000084f00000| Untracked 
|  80|0x0000000085000000, 0x0000000085100000, 0x0000000085100000|100%| O|  |TAMS 0x0000000085100000, 0x0000000085000000| Untracked 
|  81|0x0000000085100000, 0x0000000085200000, 0x0000000085200000|100%| O|  |TAMS 0x0000000085200000, 0x0000000085100000| Untracked 
|  82|0x0000000085200000, 0x0000000085300000, 0x0000000085300000|100%| O|  |TAMS 0x0000000085300000, 0x0000000085200000| Untracked 
|  83|0x0000000085300000, 0x0000000085400000, 0x0000000085400000|100%| O|  |TAMS 0x0000000085400000, 0x0000000085300000| Untracked 
|  84|0x0000000085400000, 0x0000000085500000, 0x0000000085500000|100%| O|  |TAMS 0x0000000085500000, 0x0000000085400000| Untracked 
|  85|0x0000000085500000, 0x0000000085600000, 0x0000000085600000|100%| O|  |TAMS 0x0000000085600000, 0x0000000085500000| Untracked 
|  86|0x0000000085600000, 0x0000000085700000, 0x0000000085700000|100%| O|  |TAMS 0x0000000085700000, 0x0000000085600000| Untracked 
|  87|0x0000000085700000, 0x0000000085800000, 0x0000000085800000|100%| O|  |TAMS 0x0000000085800000, 0x0000000085700000| Untracked 
|  88|0x0000000085800000, 0x0000000085900000, 0x0000000085900000|100%| O|  |TAMS 0x0000000085900000, 0x0000000085800000| Untracked 
|  89|0x0000000085900000, 0x0000000085a00000, 0x0000000085a00000|100%| O|  |TAMS 0x0000000085a00000, 0x0000000085900000| Untracked 
|  90|0x0000000085a00000, 0x0000000085b00000, 0x0000000085b00000|100%| O|  |TAMS 0x0000000085b00000, 0x0000000085a00000| Untracked 
|  91|0x0000000085b00000, 0x0000000085c00000, 0x0000000085c00000|100%| O|  |TAMS 0x0000000085c00000, 0x0000000085b00000| Untracked 
|  92|0x0000000085c00000, 0x0000000085d00000, 0x0000000085d00000|100%| O|  |TAMS 0x0000000085d00000, 0x0000000085c00000| Untracked 
|  93|0x0000000085d00000, 0x0000000085e00000, 0x0000000085e00000|100%| O|  |TAMS 0x0000000085e00000, 0x0000000085d00000| Untracked 
|  94|0x0000000085e00000, 0x0000000085f00000, 0x0000000085f00000|100%| O|  |TAMS 0x0000000085f00000, 0x0000000085e00000| Untracked 
|  95|0x0000000085f00000, 0x0000000086000000, 0x0000000086000000|100%| O|  |TAMS 0x0000000086000000, 0x0000000085f00000| Untracked 
|  96|0x0000000086000000, 0x0000000086100000, 0x0000000086100000|100%| O|  |TAMS 0x0000000086100000, 0x0000000086000000| Untracked 
|  97|0x0000000086100000, 0x0000000086200000, 0x0000000086200000|100%| O|  |TAMS 0x0000000086200000, 0x0000000086100000| Untracked 
|  98|0x0000000086200000, 0x0000000086300000, 0x0000000086300000|100%| O|  |TAMS 0x0000000086300000, 0x0000000086200000| Untracked 
|  99|0x0000000086300000, 0x0000000086400000, 0x0000000086400000|100%| O|  |TAMS 0x0000000086400000, 0x0000000086300000| Untracked 
| 100|0x0000000086400000, 0x0000000086500000, 0x0000000086500000|100%| O|  |TAMS 0x0000000086500000, 0x0000000086400000| Untracked 
| 101|0x0000000086500000, 0x0000000086600000, 0x0000000086600000|100%| O|  |TAMS 0x0000000086600000, 0x0000000086500000| Untracked 
| 102|0x0000000086600000, 0x0000000086700000, 0x0000000086700000|100%| O|  |TAMS 0x0000000086700000, 0x0000000086600000| Untracked 
| 103|0x0000000086700000, 0x0000000086700000, 0x0000000086800000|  0%| F|  |TAMS 0x0000000086700000, 0x0000000086700000| Untracked 
| 104|0x0000000086800000, 0x0000000086800000, 0x0000000086900000|  0%| F|  |TAMS 0x0000000086800000, 0x0000000086800000| Untracked 
| 105|0x0000000086900000, 0x0000000086a00000, 0x0000000086a00000|100%| O|  |TAMS 0x0000000086a00000, 0x0000000086900000| Untracked 
| 106|0x0000000086a00000, 0x0000000086ae2800, 0x0000000086b00000| 88%| O|  |TAMS 0x0000000086ae2800, 0x0000000086a00000| Untracked 
| 107|0x0000000086b00000, 0x0000000086b00000, 0x0000000086c00000|  0%| F|  |TAMS 0x0000000086b00000, 0x0000000086b00000| Untracked 
| 108|0x0000000086c00000, 0x0000000086c00000, 0x0000000086d00000|  0%| F|  |TAMS 0x0000000086c00000, 0x0000000086c00000| Untracked 
| 109|0x0000000086d00000, 0x0000000086d00000, 0x0000000086e00000|  0%| F|  |TAMS 0x0000000086d00000, 0x0000000086d00000| Untracked 
| 110|0x0000000086e00000, 0x0000000086e00000, 0x0000000086f00000|  0%| F|  |TAMS 0x0000000086e00000, 0x0000000086e00000| Untracked 
| 111|0x0000000086f00000, 0x0000000086f00000, 0x0000000087000000|  0%| F|  |TAMS 0x0000000086f00000, 0x0000000086f00000| Untracked 
| 112|0x0000000087000000, 0x0000000087000000, 0x0000000087100000|  0%| F|  |TAMS 0x0000000087000000, 0x0000000087000000| Untracked 
| 113|0x0000000087100000, 0x0000000087100000, 0x0000000087200000|  0%| F|  |TAMS 0x0000000087100000, 0x0000000087100000| Untracked 
| 114|0x0000000087200000, 0x0000000087200000, 0x0000000087300000|  0%| F|  |TAMS 0x0000000087200000, 0x0000000087200000| Untracked 
| 115|0x0000000087300000, 0x0000000087300000, 0x0000000087400000|  0%| F|  |TAMS 0x0000000087300000, 0x0000000087300000| Untracked 
| 116|0x0000000087400000, 0x0000000087400000, 0x0000000087500000|  0%| F|  |TAMS 0x0000000087400000, 0x0000000087400000| Untracked 
| 117|0x0000000087500000, 0x0000000087500000, 0x0000000087600000|  0%| F|  |TAMS 0x0000000087500000, 0x0000000087500000| Untracked 
| 118|0x0000000087600000, 0x0000000087600000, 0x0000000087700000|  0%| F|  |TAMS 0x0000000087600000, 0x0000000087600000| Untracked 
| 119|0x0000000087700000, 0x0000000087700000, 0x0000000087800000|  0%| F|  |TAMS 0x0000000087700000, 0x0000000087700000| Untracked 
| 120|0x0000000087800000, 0x0000000087800000, 0x0000000087900000|  0%| F|  |TAMS 0x0000000087800000, 0x0000000087800000| Untracked 
| 121|0x0000000087900000, 0x0000000087900000, 0x0000000087a00000|  0%| F|  |TAMS 0x0000000087900000, 0x0000000087900000| Untracked 
| 122|0x0000000087a00000, 0x0000000087a00000, 0x0000000087b00000|  0%| F|  |TAMS 0x0000000087a00000, 0x0000000087a00000| Untracked 
| 123|0x0000000087b00000, 0x0000000087b68730, 0x0000000087c00000| 40%| S|CS|TAMS 0x0000000087b00000, 0x0000000087b00000| Complete 
| 124|0x0000000087c00000, 0x0000000087d00000, 0x0000000087d00000|100%| S|CS|TAMS 0x0000000087c00000, 0x0000000087c00000| Complete 
| 125|0x0000000087d00000, 0x0000000087e00000, 0x0000000087e00000|100%| S|CS|TAMS 0x0000000087d00000, 0x0000000087d00000| Complete 
| 126|0x0000000087e00000, 0x0000000087f00000, 0x0000000087f00000|100%| S|CS|TAMS 0x0000000087e00000, 0x0000000087e00000| Complete 
| 127|0x0000000087f00000, 0x0000000088000000, 0x0000000088000000|100%| S|CS|TAMS 0x0000000087f00000, 0x0000000087f00000| Complete 
| 128|0x0000000088000000, 0x0000000088100000, 0x0000000088100000|100%| S|CS|TAMS 0x0000000088000000, 0x0000000088000000| Complete 
| 129|0x0000000088100000, 0x0000000088200000, 0x0000000088200000|100%| S|CS|TAMS 0x0000000088100000, 0x0000000088100000| Complete 
| 130|0x0000000088200000, 0x0000000088300000, 0x0000000088300000|100%| S|CS|TAMS 0x0000000088200000, 0x0000000088200000| Complete 
| 131|0x0000000088300000, 0x0000000088400000, 0x0000000088400000|100%| S|CS|TAMS 0x0000000088300000, 0x0000000088300000| Complete 
| 132|0x0000000088400000, 0x0000000088500000, 0x0000000088500000|100%| S|CS|TAMS 0x0000000088400000, 0x0000000088400000| Complete 
| 133|0x0000000088500000, 0x0000000088600000, 0x0000000088600000|100%| S|CS|TAMS 0x0000000088500000, 0x0000000088500000| Complete 
| 134|0x0000000088600000, 0x0000000088600000, 0x0000000088700000|  0%| F|  |TAMS 0x0000000088600000, 0x0000000088600000| Untracked 
| 135|0x0000000088700000, 0x0000000088700000, 0x0000000088800000|  0%| F|  |TAMS 0x0000000088700000, 0x0000000088700000| Untracked 
| 136|0x0000000088800000, 0x0000000088800000, 0x0000000088900000|  0%| F|  |TAMS 0x0000000088800000, 0x0000000088800000| Untracked 
| 137|0x0000000088900000, 0x0000000088900000, 0x0000000088a00000|  0%| F|  |TAMS 0x0000000088900000, 0x0000000088900000| Untracked 
| 138|0x0000000088a00000, 0x0000000088a00000, 0x0000000088b00000|  0%| F|  |TAMS 0x0000000088a00000, 0x0000000088a00000| Untracked 
| 139|0x0000000088b00000, 0x0000000088b00000, 0x0000000088c00000|  0%| F|  |TAMS 0x0000000088b00000, 0x0000000088b00000| Untracked 
| 140|0x0000000088c00000, 0x0000000088c00000, 0x0000000088d00000|  0%| F|  |TAMS 0x0000000088c00000, 0x0000000088c00000| Untracked 
| 141|0x0000000088d00000, 0x0000000088d00000, 0x0000000088e00000|  0%| F|  |TAMS 0x0000000088d00000, 0x0000000088d00000| Untracked 
| 142|0x0000000088e00000, 0x0000000088e00000, 0x0000000088f00000|  0%| F|  |TAMS 0x0000000088e00000, 0x0000000088e00000| Untracked 
| 143|0x0000000088f00000, 0x0000000088f00000, 0x0000000089000000|  0%| F|  |TAMS 0x0000000088f00000, 0x0000000088f00000| Untracked 
| 144|0x0000000089000000, 0x0000000089000000, 0x0000000089100000|  0%| F|  |TAMS 0x0000000089000000, 0x0000000089000000| Untracked 
| 145|0x0000000089100000, 0x0000000089100000, 0x0000000089200000|  0%| F|  |TAMS 0x0000000089100000, 0x0000000089100000| Untracked 
| 146|0x0000000089200000, 0x0000000089200000, 0x0000000089300000|  0%| F|  |TAMS 0x0000000089200000, 0x0000000089200000| Untracked 
| 147|0x0000000089300000, 0x0000000089300000, 0x0000000089400000|  0%| F|  |TAMS 0x0000000089300000, 0x0000000089300000| Untracked 
| 148|0x0000000089400000, 0x0000000089400000, 0x0000000089500000|  0%| F|  |TAMS 0x0000000089400000, 0x0000000089400000| Untracked 
| 149|0x0000000089500000, 0x0000000089500000, 0x0000000089600000|  0%| F|  |TAMS 0x0000000089500000, 0x0000000089500000| Untracked 
| 150|0x0000000089600000, 0x0000000089600000, 0x0000000089700000|  0%| F|  |TAMS 0x0000000089600000, 0x0000000089600000| Untracked 
| 151|0x0000000089700000, 0x0000000089700000, 0x0000000089800000|  0%| F|  |TAMS 0x0000000089700000, 0x0000000089700000| Untracked 
| 152|0x0000000089800000, 0x0000000089800000, 0x0000000089900000|  0%| F|  |TAMS 0x0000000089800000, 0x0000000089800000| Untracked 
| 153|0x0000000089900000, 0x0000000089900000, 0x0000000089a00000|  0%| F|  |TAMS 0x0000000089900000, 0x0000000089900000| Untracked 
| 154|0x0000000089a00000, 0x0000000089a00000, 0x0000000089b00000|  0%| F|  |TAMS 0x0000000089a00000, 0x0000000089a00000| Untracked 
| 155|0x0000000089b00000, 0x0000000089b00000, 0x0000000089c00000|  0%| F|  |TAMS 0x0000000089b00000, 0x0000000089b00000| Untracked 
| 156|0x0000000089c00000, 0x0000000089c00000, 0x0000000089d00000|  0%| F|  |TAMS 0x0000000089c00000, 0x0000000089c00000| Untracked 
| 157|0x0000000089d00000, 0x0000000089d00000, 0x0000000089e00000|  0%| F|  |TAMS 0x0000000089d00000, 0x0000000089d00000| Untracked 
| 158|0x0000000089e00000, 0x0000000089e00000, 0x0000000089f00000|  0%| F|  |TAMS 0x0000000089e00000, 0x0000000089e00000| Untracked 
| 159|0x0000000089f00000, 0x0000000089f00000, 0x000000008a000000|  0%| F|  |TAMS 0x0000000089f00000, 0x0000000089f00000| Untracked 
| 160|0x000000008a000000, 0x000000008a000000, 0x000000008a100000|  0%| F|  |TAMS 0x000000008a000000, 0x000000008a000000| Untracked 
| 161|0x000000008a100000, 0x000000008a100000, 0x000000008a200000|  0%| F|  |TAMS 0x000000008a100000, 0x000000008a100000| Untracked 
| 162|0x000000008a200000, 0x000000008a200000, 0x000000008a300000|  0%| F|  |TAMS 0x000000008a200000, 0x000000008a200000| Untracked 
| 163|0x000000008a300000, 0x000000008a300000, 0x000000008a400000|  0%| F|  |TAMS 0x000000008a300000, 0x000000008a300000| Untracked 
| 164|0x000000008a400000, 0x000000008a400000, 0x000000008a500000|  0%| F|  |TAMS 0x000000008a400000, 0x000000008a400000| Untracked 
| 165|0x000000008a500000, 0x000000008a500000, 0x000000008a600000|  0%| F|  |TAMS 0x000000008a500000, 0x000000008a500000| Untracked 
| 166|0x000000008a600000, 0x000000008a600000, 0x000000008a700000|  0%| F|  |TAMS 0x000000008a600000, 0x000000008a600000| Untracked 
| 167|0x000000008a700000, 0x000000008a700000, 0x000000008a800000|  0%| F|  |TAMS 0x000000008a700000, 0x000000008a700000| Untracked 
| 168|0x000000008a800000, 0x000000008a800000, 0x000000008a900000|  0%| F|  |TAMS 0x000000008a800000, 0x000000008a800000| Untracked 
| 169|0x000000008a900000, 0x000000008a900000, 0x000000008aa00000|  0%| F|  |TAMS 0x000000008a900000, 0x000000008a900000| Untracked 
| 170|0x000000008aa00000, 0x000000008aa00000, 0x000000008ab00000|  0%| F|  |TAMS 0x000000008aa00000, 0x000000008aa00000| Untracked 
| 171|0x000000008ab00000, 0x000000008ab00000, 0x000000008ac00000|  0%| F|  |TAMS 0x000000008ab00000, 0x000000008ab00000| Untracked 
| 172|0x000000008ac00000, 0x000000008ac00000, 0x000000008ad00000|  0%| F|  |TAMS 0x000000008ac00000, 0x000000008ac00000| Untracked 
| 173|0x000000008ad00000, 0x000000008ad00000, 0x000000008ae00000|  0%| F|  |TAMS 0x000000008ad00000, 0x000000008ad00000| Untracked 
| 174|0x000000008ae00000, 0x000000008ae00000, 0x000000008af00000|  0%| F|  |TAMS 0x000000008ae00000, 0x000000008ae00000| Untracked 
| 175|0x000000008af00000, 0x000000008af00000, 0x000000008b000000|  0%| F|  |TAMS 0x000000008af00000, 0x000000008af00000| Untracked 
| 176|0x000000008b000000, 0x000000008b099798, 0x000000008b100000| 59%| E|  |TAMS 0x000000008b000000, 0x000000008b000000| Complete 
| 177|0x000000008b100000, 0x000000008b200000, 0x000000008b200000|100%| E|  |TAMS 0x000000008b100000, 0x000000008b100000| Complete 
| 178|0x000000008b200000, 0x000000008b300000, 0x000000008b300000|100%| E|CS|TAMS 0x000000008b200000, 0x000000008b200000| Complete 
| 179|0x000000008b300000, 0x000000008b400000, 0x000000008b400000|100%| E|CS|TAMS 0x000000008b300000, 0x000000008b300000| Complete 
| 180|0x000000008b400000, 0x000000008b500000, 0x000000008b500000|100%| E|CS|TAMS 0x000000008b400000, 0x000000008b400000| Complete 
| 181|0x000000008b500000, 0x000000008b600000, 0x000000008b600000|100%| E|CS|TAMS 0x000000008b500000, 0x000000008b500000| Complete 
| 182|0x000000008b600000, 0x000000008b700000, 0x000000008b700000|100%| E|CS|TAMS 0x000000008b600000, 0x000000008b600000| Complete 
| 183|0x000000008b700000, 0x000000008b800000, 0x000000008b800000|100%| E|CS|TAMS 0x000000008b700000, 0x000000008b700000| Complete 
| 184|0x000000008b800000, 0x000000008b900000, 0x000000008b900000|100%| E|CS|TAMS 0x000000008b800000, 0x000000008b800000| Complete 
| 185|0x000000008b900000, 0x000000008ba00000, 0x000000008ba00000|100%| E|CS|TAMS 0x000000008b900000, 0x000000008b900000| Complete 
| 186|0x000000008ba00000, 0x000000008bb00000, 0x000000008bb00000|100%| E|CS|TAMS 0x000000008ba00000, 0x000000008ba00000| Complete 
| 187|0x000000008bb00000, 0x000000008bc00000, 0x000000008bc00000|100%| E|CS|TAMS 0x000000008bb00000, 0x000000008bb00000| Complete 
| 188|0x000000008bc00000, 0x000000008bd00000, 0x000000008bd00000|100%| E|CS|TAMS 0x000000008bc00000, 0x000000008bc00000| Complete 
| 189|0x000000008bd00000, 0x000000008be00000, 0x000000008be00000|100%| E|CS|TAMS 0x000000008bd00000, 0x000000008bd00000| Complete 
| 190|0x000000008be00000, 0x000000008bf00000, 0x000000008bf00000|100%| E|CS|TAMS 0x000000008be00000, 0x000000008be00000| Complete 
| 191|0x000000008bf00000, 0x000000008c000000, 0x000000008c000000|100%| E|CS|TAMS 0x000000008bf00000, 0x000000008bf00000| Complete 
| 192|0x000000008c000000, 0x000000008c100000, 0x000000008c100000|100%| E|CS|TAMS 0x000000008c000000, 0x000000008c000000| Complete 
| 193|0x000000008c100000, 0x000000008c200000, 0x000000008c200000|100%| E|CS|TAMS 0x000000008c100000, 0x000000008c100000| Complete 
| 194|0x000000008c200000, 0x000000008c300000, 0x000000008c300000|100%| E|CS|TAMS 0x000000008c200000, 0x000000008c200000| Complete 
| 195|0x000000008c300000, 0x000000008c400000, 0x000000008c400000|100%| E|CS|TAMS 0x000000008c300000, 0x000000008c300000| Complete 
| 196|0x000000008c400000, 0x000000008c500000, 0x000000008c500000|100%| E|CS|TAMS 0x000000008c400000, 0x000000008c400000| Complete 
| 197|0x000000008c500000, 0x000000008c600000, 0x000000008c600000|100%| E|CS|TAMS 0x000000008c500000, 0x000000008c500000| Complete 
| 198|0x000000008c600000, 0x000000008c700000, 0x000000008c700000|100%| E|CS|TAMS 0x000000008c600000, 0x000000008c600000| Complete 
| 199|0x000000008c700000, 0x000000008c800000, 0x000000008c800000|100%| E|CS|TAMS 0x000000008c700000, 0x000000008c700000| Complete 
| 200|0x000000008c800000, 0x000000008c900000, 0x000000008c900000|100%| E|CS|TAMS 0x000000008c800000, 0x000000008c800000| Complete 
| 201|0x000000008c900000, 0x000000008ca00000, 0x000000008ca00000|100%| E|CS|TAMS 0x000000008c900000, 0x000000008c900000| Complete 
| 202|0x000000008ca00000, 0x000000008cb00000, 0x000000008cb00000|100%| E|CS|TAMS 0x000000008ca00000, 0x000000008ca00000| Complete 
| 203|0x000000008cb00000, 0x000000008cc00000, 0x000000008cc00000|100%| E|CS|TAMS 0x000000008cb00000, 0x000000008cb00000| Complete 
| 204|0x000000008cc00000, 0x000000008cd00000, 0x000000008cd00000|100%| E|CS|TAMS 0x000000008cc00000, 0x000000008cc00000| Complete 
| 205|0x000000008cd00000, 0x000000008ce00000, 0x000000008ce00000|100%| E|CS|TAMS 0x000000008cd00000, 0x000000008cd00000| Complete 
| 206|0x000000008ce00000, 0x000000008cf00000, 0x000000008cf00000|100%| E|CS|TAMS 0x000000008ce00000, 0x000000008ce00000| Complete 
| 207|0x000000008cf00000, 0x000000008d000000, 0x000000008d000000|100%| E|CS|TAMS 0x000000008cf00000, 0x000000008cf00000| Complete 
| 208|0x000000008d000000, 0x000000008d100000, 0x000000008d100000|100%| E|CS|TAMS 0x000000008d000000, 0x000000008d000000| Complete 
| 209|0x000000008d100000, 0x000000008d200000, 0x000000008d200000|100%| E|CS|TAMS 0x000000008d100000, 0x000000008d100000| Complete 
| 210|0x000000008d200000, 0x000000008d300000, 0x000000008d300000|100%| E|CS|TAMS 0x000000008d200000, 0x000000008d200000| Complete 
| 211|0x000000008d300000, 0x000000008d400000, 0x000000008d400000|100%| E|CS|TAMS 0x000000008d300000, 0x000000008d300000| Complete 
| 212|0x000000008d400000, 0x000000008d500000, 0x000000008d500000|100%| E|CS|TAMS 0x000000008d400000, 0x000000008d400000| Complete 
| 213|0x000000008d500000, 0x000000008d600000, 0x000000008d600000|100%| E|CS|TAMS 0x000000008d500000, 0x000000008d500000| Complete 
| 214|0x000000008d600000, 0x000000008d700000, 0x000000008d700000|100%| E|CS|TAMS 0x000000008d600000, 0x000000008d600000| Complete 
| 215|0x000000008d700000, 0x000000008d800000, 0x000000008d800000|100%| E|CS|TAMS 0x000000008d700000, 0x000000008d700000| Complete 
| 216|0x000000008d800000, 0x000000008d900000, 0x000000008d900000|100%| E|CS|TAMS 0x000000008d800000, 0x000000008d800000| Complete 
| 217|0x000000008d900000, 0x000000008da00000, 0x000000008da00000|100%| E|CS|TAMS 0x000000008d900000, 0x000000008d900000| Complete 
| 218|0x000000008da00000, 0x000000008db00000, 0x000000008db00000|100%| E|CS|TAMS 0x000000008da00000, 0x000000008da00000| Complete 
| 219|0x000000008db00000, 0x000000008dc00000, 0x000000008dc00000|100%| E|CS|TAMS 0x000000008db00000, 0x000000008db00000| Complete 
| 220|0x000000008dc00000, 0x000000008dd00000, 0x000000008dd00000|100%| E|CS|TAMS 0x000000008dc00000, 0x000000008dc00000| Complete 
| 221|0x000000008dd00000, 0x000000008de00000, 0x000000008de00000|100%| E|CS|TAMS 0x000000008dd00000, 0x000000008dd00000| Complete 

Card table byte_map: [0x000002c563c60000,0x000002c564060000] _byte_map_base: 0x000002c563860000

Marking Bits (Prev, Next): (CMBitMap*) 0x000002c550d9cb88, (CMBitMap*) 0x000002c550d9cbc0
 Prev Bits: [0x000002c564460000, 0x000002c566460000)
 Next Bits: [0x000002c566460000, 0x000002c568460000)

Polling page: 0x000002c54ec50000

Metaspace:

Usage:
  Non-class:     97.53 MB capacity,    95.64 MB ( 98%) used,     1.56 MB (  2%) free+waste,   332.50 KB ( <1%) overhead. 
      Class:     14.90 MB capacity,    13.78 MB ( 92%) used,   995.81 KB (  7%) free+waste,   150.69 KB ( <1%) overhead. 
       Both:    112.43 MB capacity,   109.42 MB ( 97%) used,     2.54 MB (  2%) free+waste,   483.19 KB ( <1%) overhead. 

Virtual space:
  Non-class space:       98.00 MB reserved,      97.75 MB (>99%) committed 
      Class space:        1.00 GB reserved,      15.00 MB (  1%) committed 
             Both:        1.10 GB reserved,     112.75 MB ( 10%) committed 

Chunk freelists:
   Non-Class:  33.00 KB
       Class:  9.00 KB
        Both:  42.00 KB

MaxMetaspaceSize: 17179869184.00 GB
CompressedClassSpaceSize: 1.00 GB

CodeHeap 'non-profiled nmethods': size=120064Kb used=10921Kb max_used=10921Kb free=109142Kb
 bounds [0x000002c55c320000, 0x000002c55cdd0000, 0x000002c563860000]
CodeHeap 'profiled nmethods': size=120000Kb used=34536Kb max_used=34536Kb free=85463Kb
 bounds [0x000002c554df0000, 0x000002c556fc0000, 0x000002c55c320000]
CodeHeap 'non-nmethods': size=5696Kb used=2339Kb max_used=2401Kb free=3356Kb
 bounds [0x000002c554860000, 0x000002c554ad0000, 0x000002c554df0000]
 total_blobs=16116 nmethods=15156 adapters=871
 compilation: enabled
              stopped_count=0, restarted_count=0
 full_count=0

Compilation events (20 events):
Event: 600.365 Thread 0x000002c56a97e800 nmethod 16106 0x000002c556fadd90 code [0x000002c556fadf60, 0x000002c556fae158]
Event: 600.366 Thread 0x000002c56d336000 nmethod 15967 0x000002c55cdc7110 code [0x000002c55cdc72c0, 0x000002c55cdc76f8]
Event: 600.366 Thread 0x000002c56d336000 16049       4       org.gradle.api.internal.provider.ValueSupplier$Present::pushWhenMissing (2 bytes)
Event: 600.366 Thread 0x000002c56d336000 nmethod 16049 0x000002c55cdc7810 code [0x000002c55cdc79a0, 0x000002c55cdc79f8]
Event: 600.366 Thread 0x000002c56d336000 16018       4       org.gradle.internal.dispatch.ReflectionDispatch::dispatch (9 bytes)
Event: 600.369 Thread 0x000002c56a97e800 16107       3       java.io.ObjectOutputStream::writeNonProxyDesc (109 bytes)
Event: 600.370 Thread 0x000002c56a97e800 nmethod 16107 0x000002c556fae290 code [0x000002c556fae5e0, 0x000002c556faf748]
Event: 600.372 Thread 0x000002c56a97e800 16108       1       org.gradle.api.internal.tasks.properties.AbstractFilePropertySpec::getPropertyFiles (5 bytes)
Event: 600.372 Thread 0x000002c56a97e800 nmethod 16108 0x000002c55cdc7a90 code [0x000002c55cdc7c40, 0x000002c55cdc7cf8]
Event: 600.372 Thread 0x000002c56a97e800 16109       3       org.gradle.workers.internal.WorkerDaemonClientsManager$LogLevelChangeEventListener::onOutput (25 bytes)
Event: 600.372 Thread 0x000002c56a97e800 nmethod 16109 0x000002c556fafe90 code [0x000002c556fb0060, 0x000002c556fb0458]
Event: 600.380 Thread 0x000002c56d336000 nmethod 16018 0x000002c55cdc7d90 code [0x000002c55cdc8080, 0x000002c55cdc8ef8]
Event: 600.380 Thread 0x000002c56d336000 16048       4       com.google.common.util.concurrent.Striped$CompactStriped::getAt (7 bytes)
Event: 600.381 Thread 0x000002c56d336000 nmethod 16048 0x000002c55cdc9a90 code [0x000002c55cdc9c20, 0x000002c55cdc9cb8]
Event: 600.381 Thread 0x000002c56d336000 16027       4       com.google.common.cache.LocalCache$StrongValueReference::copyFor (2 bytes)
Event: 600.381 Thread 0x000002c56d336000 nmethod 16027 0x000002c55cdc9d90 code [0x000002c55cdc9f20, 0x000002c55cdc9f78]
Event: 600.385 Thread 0x000002c56a97e800 16110       3       org.gradle.api.internal.tasks.properties.bean.AbstractNestedRuntimeBeanNode$BeanPropertyValue::call (10 bytes)
Event: 600.385 Thread 0x000002c56a97e800 nmethod 16110 0x000002c556fb0590 code [0x000002c556fb0740, 0x000002c556fb0908]
Event: 600.385 Thread 0x000002c56a97e800 16111       3       org.gradle.internal.snapshot.AbstractIncompleteFileSystemNode::anyChildMatches (28 bytes)
Event: 600.385 Thread 0x000002c56a97e800 nmethod 16111 0x000002c556fb0a10 code [0x000002c556fb0c20, 0x000002c556fb1158]

GC Heap History (20 events):
Event: 280.526 GC heap before
{Heap before GC invocations=28 (full 0):
 garbage-first heap   total 227328K, used 192400K [0x0000000080000000, 0x0000000100000000)
  region size 1024K, 89 young (91136K), 7 survivors (7168K)
 Metaspace       used 101035K, capacity 103458K, committed 103552K, reserved 1138688K
  class space    used 12753K, capacity 13619K, committed 13696K, reserved 1048576K
}
Event: 280.533 GC heap after
{Heap after GC invocations=29 (full 0):
 garbage-first heap   total 227328K, used 110218K [0x0000000080000000, 0x0000000100000000)
  region size 1024K, 7 young (7168K), 7 survivors (7168K)
 Metaspace       used 101035K, capacity 103458K, committed 103552K, reserved 1138688K
  class space    used 12753K, capacity 13619K, committed 13696K, reserved 1048576K
}
Event: 285.667 GC heap before
{Heap before GC invocations=29 (full 0):
 garbage-first heap   total 227328K, used 194186K [0x0000000080000000, 0x0000000100000000)
  region size 1024K, 90 young (92160K), 7 survivors (7168K)
 Metaspace       used 101400K, capacity 103863K, committed 104064K, reserved 1140736K
  class space    used 12781K, capacity 13664K, committed 13696K, reserved 1048576K
}
Event: 285.673 GC heap after
{Heap after GC invocations=30 (full 0):
 garbage-first heap   total 227328K, used 110900K [0x0000000080000000, 0x0000000100000000)
  region size 1024K, 6 young (6144K), 6 survivors (6144K)
 Metaspace       used 101400K, capacity 103863K, committed 104064K, reserved 1140736K
  class space    used 12781K, capacity 13664K, committed 13696K, reserved 1048576K
}
Event: 285.849 GC heap before
{Heap before GC invocations=31 (full 0):
 garbage-first heap   total 227328K, used 113972K [0x0000000080000000, 0x0000000100000000)
  region size 1024K, 10 young (10240K), 6 survivors (6144K)
 Metaspace       used 101428K, capacity 103872K, committed 104064K, reserved 1140736K
  class space    used 12784K, capacity 13667K, committed 13696K, reserved 1048576K
}
Event: 285.853 GC heap after
{Heap after GC invocations=32 (full 0):
 garbage-first heap   total 227328K, used 109758K [0x0000000080000000, 0x0000000100000000)
  region size 1024K, 5 young (5120K), 5 survivors (5120K)
 Metaspace       used 101428K, capacity 103872K, committed 104064K, reserved 1140736K
  class space    used 12784K, capacity 13667K, committed 13696K, reserved 1048576K
}
Event: 286.035 GC heap before
{Heap before GC invocations=33 (full 0):
 garbage-first heap   total 227328K, used 197822K [0x0000000080000000, 0x0000000100000000)
  region size 1024K, 89 young (91136K), 5 survivors (5120K)
 Metaspace       used 101428K, capacity 103872K, committed 104064K, reserved 1140736K
  class space    used 12784K, capacity 13667K, committed 13696K, reserved 1048576K
}
Event: 286.040 GC heap after
{Heap after GC invocations=34 (full 0):
 garbage-first heap   total 227328K, used 113166K [0x0000000080000000, 0x0000000100000000)
  region size 1024K, 6 young (6144K), 6 survivors (6144K)
 Metaspace       used 101428K, capacity 103872K, committed 104064K, reserved 1140736K
  class space    used 12784K, capacity 13667K, committed 13696K, reserved 1048576K
}
Event: 286.301 GC heap before
{Heap before GC invocations=34 (full 0):
 garbage-first heap   total 227328K, used 169486K [0x0000000080000000, 0x0000000100000000)
  region size 1024K, 62 young (63488K), 6 survivors (6144K)
 Metaspace       used 101473K, capacity 103872K, committed 104064K, reserved 1140736K
  class space    used 12789K, capacity 13667K, committed 13696K, reserved 1048576K
}
Event: 286.305 GC heap after
{Heap after GC invocations=35 (full 0):
 garbage-first heap   total 227328K, used 109735K [0x0000000080000000, 0x0000000100000000)
  region size 1024K, 5 young (5120K), 5 survivors (5120K)
 Metaspace       used 101473K, capacity 103872K, committed 104064K, reserved 1140736K
  class space    used 12789K, capacity 13667K, committed 13696K, reserved 1048576K
}
Event: 286.707 GC heap before
{Heap before GC invocations=36 (full 0):
 garbage-first heap   total 227328K, used 198823K [0x0000000080000000, 0x0000000100000000)
  region size 1024K, 90 young (92160K), 5 survivors (5120K)
 Metaspace       used 101714K, capacity 104160K, committed 104448K, reserved 1140736K
  class space    used 12804K, capacity 13699K, committed 13824K, reserved 1048576K
}
Event: 286.712 GC heap after
{Heap after GC invocations=37 (full 0):
 garbage-first heap   total 227328K, used 114555K [0x0000000080000000, 0x0000000100000000)
  region size 1024K, 8 young (8192K), 8 survivors (8192K)
 Metaspace       used 101714K, capacity 104160K, committed 104448K, reserved 1140736K
  class space    used 12804K, capacity 13699K, committed 13824K, reserved 1048576K
}
Event: 286.972 GC heap before
{Heap before GC invocations=37 (full 0):
 garbage-first heap   total 227328K, used 194427K [0x0000000080000000, 0x0000000100000000)
  region size 1024K, 86 young (88064K), 8 survivors (8192K)
 Metaspace       used 101719K, capacity 104160K, committed 104448K, reserved 1140736K
  class space    used 12804K, capacity 13699K, committed 13824K, reserved 1048576K
}
Event: 286.976 GC heap after
{Heap after GC invocations=38 (full 0):
 garbage-first heap   total 227328K, used 114885K [0x0000000080000000, 0x0000000100000000)
  region size 1024K, 6 young (6144K), 6 survivors (6144K)
 Metaspace       used 101719K, capacity 104160K, committed 104448K, reserved 1140736K
  class space    used 12804K, capacity 13699K, committed 13824K, reserved 1048576K
}
Event: 287.207 GC heap before
{Heap before GC invocations=39 (full 0):
 garbage-first heap   total 227328K, used 196805K [0x0000000080000000, 0x0000000100000000)
  region size 1024K, 86 young (88064K), 6 survivors (6144K)
 Metaspace       used 101730K, capacity 104160K, committed 104448K, reserved 1140736K
  class space    used 12805K, capacity 13699K, committed 13824K, reserved 1048576K
}
Event: 287.210 GC heap after
{Heap after GC invocations=40 (full 0):
 garbage-first heap   total 227328K, used 115094K [0x0000000080000000, 0x0000000100000000)
  region size 1024K, 6 young (6144K), 6 survivors (6144K)
 Metaspace       used 101730K, capacity 104160K, committed 104448K, reserved 1140736K
  class space    used 12805K, capacity 13699K, committed 13824K, reserved 1048576K
}
Event: 342.348 GC heap before
{Heap before GC invocations=40 (full 0):
 garbage-first heap   total 227328K, used 197014K [0x0000000080000000, 0x0000000100000000)
  region size 1024K, 86 young (88064K), 6 survivors (6144K)
 Metaspace       used 105722K, capacity 108399K, committed 108544K, reserved 1142784K
  class space    used 13348K, capacity 14329K, committed 14336K, reserved 1048576K
}
Event: 342.352 GC heap after
{Heap after GC invocations=41 (full 0):
 garbage-first heap   total 227328K, used 111998K [0x0000000080000000, 0x0000000100000000)
  region size 1024K, 5 young (5120K), 5 survivors (5120K)
 Metaspace       used 105722K, capacity 108399K, committed 108544K, reserved 1142784K
  class space    used 13348K, capacity 14329K, committed 14336K, reserved 1048576K
}
Event: 599.497 GC heap before
{Heap before GC invocations=42 (full 0):
 garbage-first heap   total 227328K, used 195966K [0x0000000080000000, 0x0000000100000000)
  region size 1024K, 88 young (90112K), 5 survivors (5120K)
 Metaspace       used 109285K, capacity 112222K, committed 112384K, reserved 1146880K
  class space    used 13780K, capacity 14836K, committed 14848K, reserved 1048576K
}
Event: 599.509 GC heap after
{Heap after GC invocations=43 (full 0):
 garbage-first heap   total 227328K, used 118059K [0x0000000080000000, 0x0000000100000000)
  region size 1024K, 11 young (11264K), 11 survivors (11264K)
 Metaspace       used 109285K, capacity 112222K, committed 112384K, reserved 1146880K
  class space    used 13780K, capacity 14836K, committed 14848K, reserved 1048576K
}

Deoptimization events (20 events):
Event: 600.250 Thread 0x000002c56e00a000 Uncommon trap: trap_request=0xffffff4d fr.pc=0x000002c55c7ea670 relative=0x00000000000004b0
Event: 600.251 Thread 0x000002c56e00a000 Uncommon trap: reason=unstable_if action=reinterpret pc=0x000002c55c7ea670 method=java.util.concurrent.ConcurrentLinkedQueue.poll()Ljava/lang/Object; @ 24 c2
Event: 600.251 Thread 0x000002c56e00a000 DEOPT PACKING pc=0x000002c55c7ea670 sp=0x000000f9150fb560
Event: 600.251 Thread 0x000002c56e00a000 DEOPT UNPACKING pc=0x000002c55488662f sp=0x000000f9150fb518 mode 2
Event: 600.301 Thread 0x000002c56eecf800 Uncommon trap: trap_request=0xffffffc6 fr.pc=0x000002c55cc13e08 relative=0x00000000000000c8
Event: 600.301 Thread 0x000002c56eecf800 Uncommon trap: reason=bimorphic_or_optimized_type_check action=maybe_recompile pc=0x000002c55cc13e08 method=org.gradle.internal.snapshot.ChildMap$Entry$$Lambda$189/0x000000010037cc40.get()Ljava/lang/Object; @ 4 c2
Event: 600.301 Thread 0x000002c56eecf800 DEOPT PACKING pc=0x000002c55cc13e08 sp=0x000000f9154fd650
Event: 600.301 Thread 0x000002c56eecf800 DEOPT UNPACKING pc=0x000002c55488662f sp=0x000000f9154fd4c0 mode 2
Event: 600.301 Thread 0x000002c56eecf800 Uncommon trap: trap_request=0xffffffc6 fr.pc=0x000002c55cc13e08 relative=0x00000000000000c8
Event: 600.301 Thread 0x000002c56eecf800 Uncommon trap: reason=bimorphic_or_optimized_type_check action=maybe_recompile pc=0x000002c55cc13e08 method=org.gradle.internal.snapshot.ChildMap$Entry$$Lambda$189/0x000000010037cc40.get()Ljava/lang/Object; @ 4 c2
Event: 600.301 Thread 0x000002c56eecf800 DEOPT PACKING pc=0x000002c55cc13e08 sp=0x000000f9154fd650
Event: 600.301 Thread 0x000002c56eecf800 DEOPT UNPACKING pc=0x000002c55488662f sp=0x000000f9154fd4c0 mode 2
Event: 600.301 Thread 0x000002c56eecf800 Uncommon trap: trap_request=0xffffffc6 fr.pc=0x000002c55cc13e08 relative=0x00000000000000c8
Event: 600.301 Thread 0x000002c56eecf800 Uncommon trap: reason=bimorphic_or_optimized_type_check action=maybe_recompile pc=0x000002c55cc13e08 method=org.gradle.internal.snapshot.ChildMap$Entry$$Lambda$189/0x000000010037cc40.get()Ljava/lang/Object; @ 4 c2
Event: 600.301 Thread 0x000002c56eecf800 DEOPT PACKING pc=0x000002c55cc13e08 sp=0x000000f9154fd650
Event: 600.301 Thread 0x000002c56eecf800 DEOPT UNPACKING pc=0x000002c55488662f sp=0x000000f9154fd4c0 mode 2
Event: 600.302 Thread 0x000002c56eecf800 Uncommon trap: trap_request=0xffffffc6 fr.pc=0x000002c55cc13e08 relative=0x00000000000000c8
Event: 600.302 Thread 0x000002c56eecf800 Uncommon trap: reason=bimorphic_or_optimized_type_check action=maybe_recompile pc=0x000002c55cc13e08 method=org.gradle.internal.snapshot.ChildMap$Entry$$Lambda$189/0x000000010037cc40.get()Ljava/lang/Object; @ 4 c2
Event: 600.302 Thread 0x000002c56eecf800 DEOPT PACKING pc=0x000002c55cc13e08 sp=0x000000f9154fd650
Event: 600.302 Thread 0x000002c56eecf800 DEOPT UNPACKING pc=0x000002c55488662f sp=0x000000f9154fd4c0 mode 2

Classes redefined (0 events):
No events

Internal exceptions (20 events):
Event: 599.451 Thread 0x000002c56e003800 Exception <a 'sun/nio/fs/WindowsException'{0x0000000088fdc198}> (0x0000000088fdc198) thrown at [./src/hotspot/share/prims/jni.cpp, line 615]
Event: 599.456 Thread 0x000002c56e003800 Exception <a 'sun/nio/fs/WindowsException'{0x0000000088e7d7d8}> (0x0000000088e7d7d8) thrown at [./src/hotspot/share/prims/jni.cpp, line 615]
Event: 599.456 Thread 0x000002c56e003800 Exception <a 'sun/nio/fs/WindowsException'{0x0000000088e7e818}> (0x0000000088e7e818) thrown at [./src/hotspot/share/prims/jni.cpp, line 615]
Event: 599.456 Thread 0x000002c56e003800 Exception <a 'sun/nio/fs/WindowsException'{0x0000000088e7f8a8}> (0x0000000088e7f8a8) thrown at [./src/hotspot/share/prims/jni.cpp, line 615]
Event: 599.456 Thread 0x000002c56e003800 Exception <a 'sun/nio/fs/WindowsException'{0x0000000088e80938}> (0x0000000088e80938) thrown at [./src/hotspot/share/prims/jni.cpp, line 615]
Event: 599.541 Thread 0x000002c56e003800 Exception <a 'java/lang/NoSuchMethodError'{0x000000008dba2a10}: 'java.lang.Object java.lang.invoke.Invokers$Holder.linkToTargetMethod(java.lang.Object, int, int, java.lang.Object)'> (0x000000008dba2a10) thrown at [./src/hotspot/share/interpreter/linkResolver.cpp, line 773]
Event: 599.706 Thread 0x000002c56e007800 Exception <a 'java/lang/NoSuchMethodError'{0x000000008dd07a60}: <clinit>> (0x000000008dd07a60) thrown at [./src/hotspot/share/prims/jni.cpp, line 1362]
Event: 599.707 Thread 0x000002c56e007800 Exception <a 'java/lang/NoSuchMethodError'{0x000000008dd10e50}: <clinit>> (0x000000008dd10e50) thrown at [./src/hotspot/share/prims/jni.cpp, line 1362]
Event: 599.708 Thread 0x000002c56e007800 Exception <a 'java/lang/NoSuchMethodError'{0x000000008dd1b1c0}: <clinit>> (0x000000008dd1b1c0) thrown at [./src/hotspot/share/prims/jni.cpp, line 1362]
Event: 599.709 Thread 0x000002c56e007800 Exception <a 'java/lang/NoSuchMethodError'{0x000000008cc60968}: <clinit>> (0x000000008cc60968) thrown at [./src/hotspot/share/prims/jni.cpp, line 1362]
Event: 599.709 Thread 0x000002c56e007800 Exception <a 'java/lang/NoSuchMethodError'{0x000000008cc61c40}: <clinit>> (0x000000008cc61c40) thrown at [./src/hotspot/share/prims/jni.cpp, line 1362]
Event: 599.740 Thread 0x000002c56eec6800 Exception <a 'java/lang/NoSuchMethodError'{0x000000008cac2fe0}: <clinit>> (0x000000008cac2fe0) thrown at [./src/hotspot/share/prims/jni.cpp, line 1362]
Event: 599.741 Thread 0x000002c56eec6800 Exception <a 'java/lang/NoSuchMethodError'{0x000000008c90b758}: <clinit>> (0x000000008c90b758) thrown at [./src/hotspot/share/prims/jni.cpp, line 1362]
Event: 599.743 Thread 0x000002c56eec6800 Exception <a 'java/lang/NoSuchMethodError'{0x000000008c924ca0}: <clinit>> (0x000000008c924ca0) thrown at [./src/hotspot/share/prims/jni.cpp, line 1362]
Event: 599.762 Thread 0x000002c56e007800 Exception <a 'java/lang/NoSuchMethodError'{0x000000008c86e7f0}: <clinit>> (0x000000008c86e7f0) thrown at [./src/hotspot/share/prims/jni.cpp, line 1362]
Event: 599.931 Thread 0x000002c56e007800 Exception <a 'java/lang/NoSuchMethodError'{0x000000008c5ec668}: <clinit>> (0x000000008c5ec668) thrown at [./src/hotspot/share/prims/jni.cpp, line 1362]
Event: 599.958 Thread 0x000002c56eed0000 Exception <a 'sun/nio/fs/WindowsException'{0x000000008c47bca0}> (0x000000008c47bca0) thrown at [./src/hotspot/share/prims/jni.cpp, line 615]
Event: 599.958 Thread 0x000002c56eed0000 Exception <a 'sun/nio/fs/WindowsException'{0x000000008c47cb70}> (0x000000008c47cb70) thrown at [./src/hotspot/share/prims/jni.cpp, line 615]
Event: 600.033 Thread 0x000002c56eeca800 Exception <a 'sun/nio/fs/WindowsException'{0x000000008bf53470}> (0x000000008bf53470) thrown at [./src/hotspot/share/prims/jni.cpp, line 615]
Event: 600.317 Thread 0x000002c56eecf800 Exception <a 'java/lang/NoSuchMethodError'{0x000000008b4c81a0}: <clinit>> (0x000000008b4c81a0) thrown at [./src/hotspot/share/prims/jni.cpp, line 1362]

Events (20 events):
Event: 600.304 loading class org/gradle/internal/fingerprint/impl/IgnoredPathFingerprintingStrategy$1 done
Event: 600.313 loading class com/android/build/gradle/internal/tasks/CheckAarMetadataWorkAction
Event: 600.313 loading class com/android/build/gradle/internal/tasks/CheckAarMetadataWorkAction done
Event: 600.314 loading class com/android/build/gradle/internal/tasks/CheckAarMetadataTask$doTaskAction$1
Event: 600.314 loading class com/android/build/gradle/internal/tasks/CheckAarMetadataTask$doTaskAction$1 done
Event: 600.314 loading class com/android/build/gradle/internal/tasks/CheckAarMetadataWorkParameters
Event: 600.314 loading class com/android/build/gradle/internal/tasks/CheckAarMetadataWorkParameters done
Event: 600.314 loading class com/android/build/gradle/internal/tasks/AarMetadataArtifact
Event: 600.314 loading class com/android/build/gradle/internal/tasks/AarMetadataArtifact done
Event: 600.316 loading class org/gradle/api/artifacts/component/LibraryBinaryIdentifier
Event: 600.316 loading class org/gradle/api/artifacts/component/LibraryBinaryIdentifier done
Event: 600.316 loading class org/gradle/api/artifacts/component/LibraryBinaryIdentifier
Event: 600.316 loading class org/gradle/api/artifacts/component/LibraryBinaryIdentifier done
Event: 600.319 Thread 0x000002c56eed1000 Thread added: 0x000002c56eed1000
Event: 600.330 loading class kotlin/collections/ArrayAsCollection
Event: 600.330 loading class kotlin/collections/ArrayAsCollection done
Event: 600.341 loading class com/android/build/gradle/internal/tasks/AarMetadataReader
Event: 600.341 loading class com/android/build/gradle/internal/tasks/AarMetadataReader done
Event: 600.383 loading class com/android/build/gradle/tasks/MergeResources$Flag
Event: 600.383 loading class com/android/build/gradle/tasks/MergeResources$Flag done


Dynamic libraries:
0x00007ff783d80000 - 0x00007ff783d8a000 	C:\Program Files\Android\Android Studio1\jre\bin\java.exe
0x00007ffacdaf0000 - 0x00007ffacdce5000 	C:\WINDOWS\SYSTEM32\ntdll.dll
0x00007ffacd7a0000 - 0x00007ffacd85e000 	C:\WINDOWS\System32\KERNEL32.DLL
0x00007ffacb3f0000 - 0x00007ffacb6b8000 	C:\WINDOWS\System32\KERNELBASE.dll
0x00007ffacba10000 - 0x00007ffacbb10000 	C:\WINDOWS\System32\ucrtbase.dll
0x00007ffab7450000 - 0x00007ffab7469000 	C:\Program Files\Android\Android Studio1\jre\bin\jli.dll
0x00007ffab0c20000 - 0x00007ffab0c37000 	C:\Program Files\Android\Android Studio1\jre\bin\VCRUNTIME140.dll
0x00007ffacd1c0000 - 0x00007ffacd360000 	C:\WINDOWS\System32\USER32.dll
0x00007ffab8c40000 - 0x00007ffab8eda000 	C:\WINDOWS\WinSxS\amd64_microsoft.windows.common-controls_6595b64144ccf1df_6.0.19041.1110_none_60b5254171f9507e\COMCTL32.dll
0x00007ffacb6c0000 - 0x00007ffacb6e2000 	C:\WINDOWS\System32\win32u.dll
0x00007ffacc7e0000 - 0x00007ffacc87e000 	C:\WINDOWS\System32\msvcrt.dll
0x00007ffacd6c0000 - 0x00007ffacd6eb000 	C:\WINDOWS\System32\GDI32.dll
0x00007ffacb290000 - 0x00007ffacb39d000 	C:\WINDOWS\System32\gdi32full.dll
0x00007ffacb970000 - 0x00007ffacba0d000 	C:\WINDOWS\System32\msvcp_win.dll
0x00007ffacc6d0000 - 0x00007ffacc700000 	C:\WINDOWS\System32\IMM32.DLL
0x00007ffaaa4e0000 - 0x00007ffaaa57d000 	C:\Program Files\Android\Android Studio1\jre\bin\msvcp140.dll
0x00007ffa79c70000 - 0x00007ffa7a745000 	C:\Program Files\Android\Android Studio1\jre\bin\server\jvm.dll
0x00007ffacd6f0000 - 0x00007ffacd79e000 	C:\WINDOWS\System32\ADVAPI32.dll
0x00007ffacbc10000 - 0x00007ffacbcac000 	C:\WINDOWS\System32\sechost.dll
0x00007ffacbcb0000 - 0x00007ffacbdd5000 	C:\WINDOWS\System32\RPCRT4.dll
0x00007ffacd1a0000 - 0x00007ffacd1a8000 	C:\WINDOWS\System32\PSAPI.DLL
0x00007ffac6df0000 - 0x00007ffac6df9000 	C:\WINDOWS\SYSTEM32\WSOCK32.dll
0x00007ffab9290000 - 0x00007ffab92b7000 	C:\WINDOWS\SYSTEM32\WINMM.dll
0x00007ffacd510000 - 0x00007ffacd57b000 	C:\WINDOWS\System32\WS2_32.dll
0x00007ffac6070000 - 0x00007ffac607a000 	C:\WINDOWS\SYSTEM32\VERSION.dll
0x00007ffac9110000 - 0x00007ffac9122000 	C:\WINDOWS\SYSTEM32\kernel.appcore.dll
0x00007ffabf450000 - 0x00007ffabf461000 	C:\Program Files\Android\Android Studio1\jre\bin\verify.dll
0x00007ffab8fb0000 - 0x00007ffab9194000 	C:\WINDOWS\SYSTEM32\DBGHELP.DLL
0x00007ffab8f10000 - 0x00007ffab8f3c000 	C:\WINDOWS\SYSTEM32\dbgcore.DLL
0x00007ffacb200000 - 0x00007ffacb282000 	C:\WINDOWS\System32\bcryptPrimitives.dll
0x00007ffaaf210000 - 0x00007ffaaf239000 	C:\Program Files\Android\Android Studio1\jre\bin\java.dll
0x00007ffac6de0000 - 0x00007ffac6deb000 	C:\Program Files\Android\Android Studio1\jre\bin\jimage.dll
0x00007ffabf370000 - 0x00007ffabf388000 	C:\Program Files\Android\Android Studio1\jre\bin\zip.dll
0x00007ffacca50000 - 0x00007ffacd194000 	C:\WINDOWS\System32\SHELL32.dll
0x00007ffac9310000 - 0x00007ffac9aa4000 	C:\WINDOWS\SYSTEM32\windows.storage.dll
0x00007ffacc2f0000 - 0x00007ffacc645000 	C:\WINDOWS\System32\combase.dll
0x00007ffacac50000 - 0x00007ffacac7e000 	C:\WINDOWS\SYSTEM32\Wldp.dll
0x00007ffacda00000 - 0x00007ffacdaad000 	C:\WINDOWS\System32\SHCORE.dll
0x00007ffacd5a0000 - 0x00007ffacd5f5000 	C:\WINDOWS\System32\shlwapi.dll
0x00007ffacb140000 - 0x00007ffacb15f000 	C:\WINDOWS\SYSTEM32\profapi.dll
0x00007ffac8b70000 - 0x00007ffac8b8a000 	C:\Program Files\Android\Android Studio1\jre\bin\net.dll
0x00007ffac42f0000 - 0x00007ffac43fc000 	C:\WINDOWS\SYSTEM32\WINHTTP.dll
0x00007ffaca940000 - 0x00007ffaca9aa000 	C:\WINDOWS\system32\mswsock.dll
0x00007ffabf200000 - 0x00007ffabf214000 	C:\Program Files\Android\Android Studio1\jre\bin\nio.dll
0x00007ffab7470000 - 0x00007ffab7497000 	C:\Users\瑩瑰籵\.gradle\native\8bec1ad78214c89d9ad589b4d07fe93259594b29d510b10fafb7a158f7737e5d\windows-amd64\native-platform.dll
0x00007ffaaa580000 - 0x00007ffaaa6bd000 	C:\Users\瑩瑰籵\.gradle\native\53dbd7edfb1c66fb8903c78663c9afc45aea4f116125fa6feffd364cf09443e8\windows-amd64\native-platform-file-events.dll
0x00007ffabf440000 - 0x00007ffabf44a000 	C:\Program Files\Android\Android Studio1\jre\bin\management.dll
0x00007ffabc3e0000 - 0x00007ffabc3ed000 	C:\Program Files\Android\Android Studio1\jre\bin\management_ext.dll
0x00007ffacab30000 - 0x00007ffacab48000 	C:\WINDOWS\SYSTEM32\CRYPTSP.dll
0x00007ffaca2c0000 - 0x00007ffaca2f4000 	C:\WINDOWS\system32\rsaenh.dll
0x00007ffacbb10000 - 0x00007ffacbb37000 	C:\WINDOWS\System32\bcrypt.dll
0x00007ffacb100000 - 0x00007ffacb12e000 	C:\WINDOWS\SYSTEM32\USERENV.dll
0x00007ffacab50000 - 0x00007ffacab5c000 	C:\WINDOWS\SYSTEM32\CRYPTBASE.dll
0x00007ffaca630000 - 0x00007ffaca66b000 	C:\WINDOWS\SYSTEM32\IPHLPAPI.DLL
0x00007ffacd990000 - 0x00007ffacd998000 	C:\WINDOWS\System32\NSI.dll
0x00007ffac6340000 - 0x00007ffac6357000 	C:\WINDOWS\SYSTEM32\dhcpcsvc6.DLL
0x00007ffac6320000 - 0x00007ffac633d000 	C:\WINDOWS\SYSTEM32\dhcpcsvc.DLL
0x00007ffaca670000 - 0x00007ffaca73b000 	C:\WINDOWS\SYSTEM32\DNSAPI.dll
0x00007ffab74e0000 - 0x00007ffab7507000 	C:\Program Files\Android\Android Studio1\jre\bin\sunec.dll
0x00007ffac5560000 - 0x00007ffac556a000 	C:\Windows\System32\rasadhlp.dll
0x00007ffac66d0000 - 0x00007ffac674f000 	C:\WINDOWS\System32\fwpuclnt.dll
0x00007ffac9de0000 - 0x00007ffac9e13000 	C:\WINDOWS\SYSTEM32\ntmarta.dll

dbghelp: loaded successfully - version: 4.0.5 - missing functions: none
symbol engine: initialized successfully - sym options: 0x614 - pdb path: .;C:\Program Files\Android\Android Studio1\jre\bin;C:\WINDOWS\SYSTEM32;C:\WINDOWS\WinSxS\amd64_microsoft.windows.common-controls_6595b64144ccf1df_6.0.19041.1110_none_60b5254171f9507e;C:\Program Files\Android\Android Studio1\jre\bin\server;C:\Users\瑩瑰籵\.gradle\native\8bec1ad78214c89d9ad589b4d07fe93259594b29d510b10fafb7a158f7737e5d\windows-amd64;C:\Users\瑩瑰籵\.gradle\native\53dbd7edfb1c66fb8903c78663c9afc45aea4f116125fa6feffd364cf09443e8\windows-amd64

VM Arguments:
jvm_args: --add-opens=java.base/java.util=ALL-UNNAMED --add-opens=java.base/java.lang=ALL-UNNAMED --add-opens=java.base/java.lang.invoke=ALL-UNNAMED --add-opens=java.base/java.util=ALL-UNNAMED --add-opens=java.prefs/java.util.prefs=ALL-UNNAMED --add-opens=java.prefs/java.util.prefs=ALL-UNNAMED --add-opens=java.base/java.nio.charset=ALL-UNNAMED --add-opens=java.base/java.net=ALL-UNNAMED --add-opens=java.base/java.util.concurrent.atomic=ALL-UNNAMED -Xmx2048m -Dfile.encoding=UTF-8 -Duser.country=RU -Duser.language=ru -Duser.variant 
java_command: org.gradle.launcher.daemon.bootstrap.GradleDaemon 7.0.2
java_class_path (initial): C:\Users\瑩瑰籵\.gradle\wrapper\dists\gradle-7.0.2-bin\857tjihv64xamwrf0h14cai3r\gradle-7.0.2\lib\gradle-launcher-7.0.2.jar
Launcher Type: SUN_STANDARD

[Global flags]
     intx CICompilerCount                          = 3                                         {product} {ergonomic}
     uint ConcGCThreads                            = 1                                         {product} {ergonomic}
     uint G1ConcRefinementThreads                  = 4                                         {product} {ergonomic}
   size_t G1HeapRegionSize                         = 1048576                                   {product} {ergonomic}
    uintx GCDrainStackTargetSize                   = 64                                        {product} {ergonomic}
   size_t InitialHeapSize                          = 134217728                                 {product} {ergonomic}
   size_t MarkStackSize                            = 4194304                                   {product} {ergonomic}
   size_t MaxHeapSize                              = 2147483648                                {product} {command line}
   size_t MaxNewSize                               = 1287651328                                {product} {ergonomic}
   size_t MinHeapDeltaBytes                        = 1048576                                   {product} {ergonomic}
    uintx NonNMethodCodeHeapSize                   = 5830732                                {pd product} {ergonomic}
    uintx NonProfiledCodeHeapSize                  = 122913754                              {pd product} {ergonomic}
    uintx ProfiledCodeHeapSize                     = 122913754                              {pd product} {ergonomic}
    uintx ReservedCodeCacheSize                    = 251658240                              {pd product} {ergonomic}
     bool SegmentedCodeCache                       = true                                      {product} {ergonomic}
     bool UseCompressedClassPointers               = true                                 {lp64_product} {ergonomic}
     bool UseCompressedOops                        = true                                 {lp64_product} {ergonomic}
     bool UseG1GC                                  = true                                      {product} {ergonomic}
     bool UseLargePagesIndividualAllocation        = false                                  {pd product} {ergonomic}

Logging:
Log output configuration:
 #0: stdout all=warning uptime,level,tags
 #1: stderr all=off uptime,level,tags

Environment Variables:
PATH=C:\Program Files\Common Files\Oracle\Java\javapath;C:\WINDOWS\system32;C:\WINDOWS;C:\WINDOWS\System32\Wbem;C:\WINDOWS\System32\WindowsPowerShell\v1.0\;C:\WINDOWS\System32\OpenSSH\;C:\Program Files\dotnet\;C:\Program Files\Microsoft VS Code\bin;C:\Program Files\7-Zip;C:\Program Files (x86)\Microsoft SQL Server\150\DTS\Binn\;C:\Program Files\nodejs\;C:\Users\銛碚籵\AppData\Roaming\npm\node_modules;C:\Users\ﾑ紆裘ﾍﾀ\AppData\Roaming\npm\node_modules;C:\Users\ﾅ韲簷ﾂ\AppData\Roaming\npm\node_modules;C:\Users\瑩瑰籵\AppData\Local\Microsoft\WindowsApps;
USERNAME=瑩瑰籵
OS=Windows_NT
PROCESSOR_IDENTIFIER=Intel64 Family 6 Model 158 Stepping 11, GenuineIntel



---------------  S Y S T E M  ---------------

OS: Windows 10 , 64 bit Build 19041 (10.0.19041.1503)
OS uptime: 0 days 22:01 hours

CPU:total 4 (initial active 4) (4 cores per cpu, 1 threads per core) family 6 model 158 stepping 11 microcode 0xb4, cmov, cx8, fxsr, mmx, sse, sse2, sse3, ssse3, sse4.1, sse4.2, popcnt, avx, avx2, aes, clmul, erms, 3dnowpref, lzcnt, tsc, tscinvbit, bmi1, bmi2, adx, fma

Memory: 4k page, system-wide physical 8070M (1669M free)
TotalPageFile size 11251M (AvailPageFile size 3640M)
current process WorkingSet (physical memory assigned to process): 537M, peak: 538M
current process commit charge ("private bytes"): 564M, peak: 566M

vm_info: OpenJDK 64-Bit Server VM (11.0.11+9-b60-7590822) for windows-amd64 JRE (11.0.11+9-b60-7590822), built on Jul 29 2021 21:43:44 by "builder" with MS VC++ 14.0 (VS2015)

END.
